[2023-10-03T08:09:30.103+0000] {taskinstance.py:1125} INFO - Dependencies all met for dep_context=non-requeueable deps ti=<TaskInstance: capstone_project.call_http_status_space_devs_api scheduled__2023-09-25T00:00:00+00:00 [queued]>
[2023-10-03T08:09:30.259+0000] {taskinstance.py:1125} INFO - Dependencies all met for dep_context=requeueable deps ti=<TaskInstance: capstone_project.call_http_status_space_devs_api scheduled__2023-09-25T00:00:00+00:00 [queued]>
[2023-10-03T08:09:30.262+0000] {taskinstance.py:1331} INFO - Starting attempt 2 of 2
[2023-10-03T08:09:30.504+0000] {taskinstance.py:1350} INFO - Executing <Task(HttpSensor): call_http_status_space_devs_api> on 2023-09-25 00:00:00+00:00
[2023-10-03T08:09:30.550+0000] {standard_task_runner.py:57} INFO - Started process 986 to run task
[2023-10-03T08:09:30.631+0000] {standard_task_runner.py:84} INFO - Running: ['***', 'tasks', 'run', 'capstone_project', 'call_http_status_space_devs_api', 'scheduled__2023-09-25T00:00:00+00:00', '--job-id', '27', '--raw', '--subdir', 'DAGS_FOLDER/capstone_project.py', '--cfg-path', '/tmp/tmpdvnvejzg']
[2023-10-03T08:09:30.645+0000] {standard_task_runner.py:85} INFO - Job 27: Subtask call_http_status_space_devs_api
[2023-10-03T08:09:31.690+0000] {task_command.py:410} INFO - Running <TaskInstance: capstone_project.call_http_status_space_devs_api scheduled__2023-09-25T00:00:00+00:00 [running]> on host 9a30478b5169
[2023-10-03T08:09:32.784+0000] {taskinstance.py:1570} INFO - Exporting env vars: AIRFLOW_CTX_DAG_OWNER='***' AIRFLOW_CTX_DAG_ID='capstone_project' AIRFLOW_CTX_TASK_ID='call_http_status_space_devs_api' AIRFLOW_CTX_EXECUTION_DATE='2023-09-25T00:00:00+00:00' AIRFLOW_CTX_TRY_NUMBER='2' AIRFLOW_CTX_DAG_RUN_ID='scheduled__2023-09-25T00:00:00+00:00'
[2023-10-03T08:09:32.793+0000] {http.py:122} INFO - Poking: 
[2023-10-03T08:09:32.849+0000] {base.py:73} INFO - Using connection ID 'thespacedevs_dev' for task execution.
[2023-10-03T08:09:33.670+0000] {base.py:255} INFO - Success criteria met. Exiting.
[2023-10-03T08:09:33.744+0000] {taskinstance.py:1373} INFO - Marking task as SUCCESS. dag_id=capstone_project, task_id=call_http_status_space_devs_api, execution_date=20230925T000000, start_date=20231003T080930, end_date=20231003T080933
[2023-10-03T08:09:34.024+0000] {local_task_job_runner.py:232} INFO - Task exited with return code 0
[2023-10-03T08:09:34.200+0000] {taskinstance.py:2674} INFO - 0 downstream tasks scheduled from follow-on schedule check
[2023-10-03T12:30:51.428+0000] {taskinstance.py:1125} INFO - Dependencies all met for dep_context=non-requeueable deps ti=<TaskInstance: capstone_project.call_http_status_space_devs_api scheduled__2023-09-25T00:00:00+00:00 [queued]>
[2023-10-03T12:30:51.644+0000] {taskinstance.py:1125} INFO - Dependencies all met for dep_context=requeueable deps ti=<TaskInstance: capstone_project.call_http_status_space_devs_api scheduled__2023-09-25T00:00:00+00:00 [queued]>
[2023-10-03T12:30:51.644+0000] {taskinstance.py:1331} INFO - Starting attempt 2 of 2
[2023-10-03T12:30:51.828+0000] {taskinstance.py:1350} INFO - Executing <Task(HttpSensor): call_http_status_space_devs_api> on 2023-09-25 00:00:00+00:00
[2023-10-03T12:30:51.901+0000] {standard_task_runner.py:57} INFO - Started process 106 to run task
[2023-10-03T12:30:51.949+0000] {standard_task_runner.py:84} INFO - Running: ['***', 'tasks', 'run', 'capstone_project', 'call_http_status_space_devs_api', 'scheduled__2023-09-25T00:00:00+00:00', '--job-id', '208', '--raw', '--subdir', 'DAGS_FOLDER/capstone_project.py', '--cfg-path', '/tmp/tmpcywfcjvw']
[2023-10-03T12:30:51.966+0000] {standard_task_runner.py:85} INFO - Job 208: Subtask call_http_status_space_devs_api
[2023-10-03T12:30:52.326+0000] {task_command.py:410} INFO - Running <TaskInstance: capstone_project.call_http_status_space_devs_api scheduled__2023-09-25T00:00:00+00:00 [running]> on host 9a30478b5169
[2023-10-03T12:30:53.248+0000] {taskinstance.py:1570} INFO - Exporting env vars: AIRFLOW_CTX_DAG_OWNER='***' AIRFLOW_CTX_DAG_ID='capstone_project' AIRFLOW_CTX_TASK_ID='call_http_status_space_devs_api' AIRFLOW_CTX_EXECUTION_DATE='2023-09-25T00:00:00+00:00' AIRFLOW_CTX_TRY_NUMBER='2' AIRFLOW_CTX_DAG_RUN_ID='scheduled__2023-09-25T00:00:00+00:00'
[2023-10-03T12:30:53.250+0000] {http.py:122} INFO - Poking: 
[2023-10-03T12:30:53.306+0000] {base.py:73} INFO - Using connection ID 'thespacedevs_dev' for task execution.
[2023-10-03T12:30:54.337+0000] {base.py:255} INFO - Success criteria met. Exiting.
[2023-10-03T12:30:55.403+0000] {taskinstance.py:1373} INFO - Marking task as SUCCESS. dag_id=capstone_project, task_id=call_http_status_space_devs_api, execution_date=20230925T000000, start_date=20231003T123051, end_date=20231003T123055
[2023-10-03T12:30:55.808+0000] {local_task_job_runner.py:232} INFO - Task exited with return code 0
[2023-10-03T12:30:56.071+0000] {taskinstance.py:2674} INFO - 0 downstream tasks scheduled from follow-on schedule check
[2023-10-03T12:51:29.634+0000] {taskinstance.py:1125} INFO - Dependencies all met for dep_context=non-requeueable deps ti=<TaskInstance: capstone_project.call_http_status_space_devs_api scheduled__2023-09-25T00:00:00+00:00 [queued]>
[2023-10-03T12:51:29.871+0000] {taskinstance.py:1125} INFO - Dependencies all met for dep_context=requeueable deps ti=<TaskInstance: capstone_project.call_http_status_space_devs_api scheduled__2023-09-25T00:00:00+00:00 [queued]>
[2023-10-03T12:51:29.886+0000] {taskinstance.py:1331} INFO - Starting attempt 2 of 2
[2023-10-03T12:51:30.110+0000] {taskinstance.py:1350} INFO - Executing <Task(HttpSensor): call_http_status_space_devs_api> on 2023-09-25 00:00:00+00:00
[2023-10-03T12:51:30.198+0000] {standard_task_runner.py:57} INFO - Started process 409 to run task
[2023-10-03T12:51:30.352+0000] {standard_task_runner.py:84} INFO - Running: ['***', 'tasks', 'run', 'capstone_project', 'call_http_status_space_devs_api', 'scheduled__2023-09-25T00:00:00+00:00', '--job-id', '261', '--raw', '--subdir', 'DAGS_FOLDER/capstone_project.py', '--cfg-path', '/tmp/tmpcrn4sh4_']
[2023-10-03T12:51:30.385+0000] {standard_task_runner.py:85} INFO - Job 261: Subtask call_http_status_space_devs_api
[2023-10-03T12:51:31.721+0000] {task_command.py:410} INFO - Running <TaskInstance: capstone_project.call_http_status_space_devs_api scheduled__2023-09-25T00:00:00+00:00 [running]> on host 9a30478b5169
[2023-10-03T12:51:34.319+0000] {taskinstance.py:1570} INFO - Exporting env vars: AIRFLOW_CTX_DAG_OWNER='***' AIRFLOW_CTX_DAG_ID='capstone_project' AIRFLOW_CTX_TASK_ID='call_http_status_space_devs_api' AIRFLOW_CTX_EXECUTION_DATE='2023-09-25T00:00:00+00:00' AIRFLOW_CTX_TRY_NUMBER='2' AIRFLOW_CTX_DAG_RUN_ID='scheduled__2023-09-25T00:00:00+00:00'
[2023-10-03T12:51:34.327+0000] {http.py:122} INFO - Poking: 
[2023-10-03T12:51:34.615+0000] {base.py:73} INFO - Using connection ID 'thespacedevs_dev' for task execution.
[2023-10-03T12:51:36.230+0000] {base.py:255} INFO - Success criteria met. Exiting.
[2023-10-03T12:51:36.311+0000] {taskinstance.py:1373} INFO - Marking task as SUCCESS. dag_id=capstone_project, task_id=call_http_status_space_devs_api, execution_date=20230925T000000, start_date=20231003T125129, end_date=20231003T125136
[2023-10-03T12:51:36.569+0000] {local_task_job_runner.py:232} INFO - Task exited with return code 0
[2023-10-03T12:51:36.624+0000] {taskinstance.py:2674} INFO - 0 downstream tasks scheduled from follow-on schedule check
