[2023-10-03T08:09:30.465+0000] {taskinstance.py:1125} INFO - Dependencies all met for dep_context=non-requeueable deps ti=<TaskInstance: capstone_project.call_http_status_space_devs_api scheduled__2023-09-30T00:00:00+00:00 [queued]>
[2023-10-03T08:09:30.745+0000] {taskinstance.py:1125} INFO - Dependencies all met for dep_context=requeueable deps ti=<TaskInstance: capstone_project.call_http_status_space_devs_api scheduled__2023-09-30T00:00:00+00:00 [queued]>
[2023-10-03T08:09:30.757+0000] {taskinstance.py:1331} INFO - Starting attempt 2 of 2
[2023-10-03T08:09:31.247+0000] {taskinstance.py:1350} INFO - Executing <Task(HttpSensor): call_http_status_space_devs_api> on 2023-09-30 00:00:00+00:00
[2023-10-03T08:09:31.396+0000] {standard_task_runner.py:57} INFO - Started process 989 to run task
[2023-10-03T08:09:31.452+0000] {standard_task_runner.py:84} INFO - Running: ['***', 'tasks', 'run', 'capstone_project', 'call_http_status_space_devs_api', 'scheduled__2023-09-30T00:00:00+00:00', '--job-id', '31', '--raw', '--subdir', 'DAGS_FOLDER/capstone_project.py', '--cfg-path', '/tmp/tmpkhnp8eoc']
[2023-10-03T08:09:31.454+0000] {standard_task_runner.py:85} INFO - Job 31: Subtask call_http_status_space_devs_api
[2023-10-03T08:09:32.312+0000] {task_command.py:410} INFO - Running <TaskInstance: capstone_project.call_http_status_space_devs_api scheduled__2023-09-30T00:00:00+00:00 [running]> on host 9a30478b5169
[2023-10-03T08:09:33.510+0000] {taskinstance.py:1570} INFO - Exporting env vars: AIRFLOW_CTX_DAG_OWNER='***' AIRFLOW_CTX_DAG_ID='capstone_project' AIRFLOW_CTX_TASK_ID='call_http_status_space_devs_api' AIRFLOW_CTX_EXECUTION_DATE='2023-09-30T00:00:00+00:00' AIRFLOW_CTX_TRY_NUMBER='2' AIRFLOW_CTX_DAG_RUN_ID='scheduled__2023-09-30T00:00:00+00:00'
[2023-10-03T08:09:33.555+0000] {http.py:122} INFO - Poking: 
[2023-10-03T08:09:33.615+0000] {base.py:73} INFO - Using connection ID 'thespacedevs_dev' for task execution.
[2023-10-03T08:09:34.176+0000] {base.py:255} INFO - Success criteria met. Exiting.
[2023-10-03T08:09:34.204+0000] {taskinstance.py:1373} INFO - Marking task as SUCCESS. dag_id=capstone_project, task_id=call_http_status_space_devs_api, execution_date=20230930T000000, start_date=20231003T080930, end_date=20231003T080934
[2023-10-03T08:09:34.371+0000] {local_task_job_runner.py:232} INFO - Task exited with return code 0
[2023-10-03T08:09:34.546+0000] {taskinstance.py:2674} INFO - 0 downstream tasks scheduled from follow-on schedule check
[2023-10-03T12:30:52.401+0000] {taskinstance.py:1125} INFO - Dependencies all met for dep_context=non-requeueable deps ti=<TaskInstance: capstone_project.call_http_status_space_devs_api scheduled__2023-09-30T00:00:00+00:00 [queued]>
[2023-10-03T12:30:52.474+0000] {taskinstance.py:1125} INFO - Dependencies all met for dep_context=requeueable deps ti=<TaskInstance: capstone_project.call_http_status_space_devs_api scheduled__2023-09-30T00:00:00+00:00 [queued]>
[2023-10-03T12:30:52.475+0000] {taskinstance.py:1331} INFO - Starting attempt 2 of 2
[2023-10-03T12:30:52.625+0000] {taskinstance.py:1350} INFO - Executing <Task(HttpSensor): call_http_status_space_devs_api> on 2023-09-30 00:00:00+00:00
[2023-10-03T12:30:52.772+0000] {standard_task_runner.py:84} INFO - Running: ['***', 'tasks', 'run', 'capstone_project', 'call_http_status_space_devs_api', 'scheduled__2023-09-30T00:00:00+00:00', '--job-id', '213', '--raw', '--subdir', 'DAGS_FOLDER/capstone_project.py', '--cfg-path', '/tmp/tmpzpf0xhog']
[2023-10-03T12:30:52.796+0000] {standard_task_runner.py:85} INFO - Job 213: Subtask call_http_status_space_devs_api
[2023-10-03T12:30:52.744+0000] {standard_task_runner.py:57} INFO - Started process 108 to run task
[2023-10-03T12:30:53.372+0000] {task_command.py:410} INFO - Running <TaskInstance: capstone_project.call_http_status_space_devs_api scheduled__2023-09-30T00:00:00+00:00 [running]> on host 9a30478b5169
[2023-10-03T12:30:53.641+0000] {taskinstance.py:1570} INFO - Exporting env vars: AIRFLOW_CTX_DAG_OWNER='***' AIRFLOW_CTX_DAG_ID='capstone_project' AIRFLOW_CTX_TASK_ID='call_http_status_space_devs_api' AIRFLOW_CTX_EXECUTION_DATE='2023-09-30T00:00:00+00:00' AIRFLOW_CTX_TRY_NUMBER='2' AIRFLOW_CTX_DAG_RUN_ID='scheduled__2023-09-30T00:00:00+00:00'
[2023-10-03T12:30:53.643+0000] {http.py:122} INFO - Poking: 
[2023-10-03T12:30:53.655+0000] {base.py:73} INFO - Using connection ID 'thespacedevs_dev' for task execution.
[2023-10-03T12:30:54.530+0000] {base.py:255} INFO - Success criteria met. Exiting.
[2023-10-03T12:30:55.399+0000] {taskinstance.py:1373} INFO - Marking task as SUCCESS. dag_id=capstone_project, task_id=call_http_status_space_devs_api, execution_date=20230930T000000, start_date=20231003T123052, end_date=20231003T123055
[2023-10-03T12:30:55.595+0000] {local_task_job_runner.py:232} INFO - Task exited with return code 0
[2023-10-03T12:30:55.860+0000] {taskinstance.py:2674} INFO - 0 downstream tasks scheduled from follow-on schedule check
