[2023-10-03T08:05:05.637+0000] {taskinstance.py:1125} INFO - Dependencies all met for dep_context=non-requeueable deps ti=<TaskInstance: capstone_project.call_http_status_space_devs_api scheduled__2023-09-30T00:00:00+00:00 [queued]>
[2023-10-03T08:05:05.702+0000] {taskinstance.py:1125} INFO - Dependencies all met for dep_context=requeueable deps ti=<TaskInstance: capstone_project.call_http_status_space_devs_api scheduled__2023-09-30T00:00:00+00:00 [queued]>
[2023-10-03T08:05:05.703+0000] {taskinstance.py:1331} INFO - Starting attempt 1 of 1
[2023-10-03T08:05:05.806+0000] {taskinstance.py:1350} INFO - Executing <Task(HttpSensor): call_http_status_space_devs_api> on 2023-09-30 00:00:00+00:00
[2023-10-03T08:05:05.834+0000] {standard_task_runner.py:57} INFO - Started process 883 to run task
[2023-10-03T08:05:05.863+0000] {standard_task_runner.py:84} INFO - Running: ['***', 'tasks', 'run', 'capstone_project', 'call_http_status_space_devs_api', 'scheduled__2023-09-30T00:00:00+00:00', '--job-id', '18', '--raw', '--subdir', 'DAGS_FOLDER/capstone_project.py', '--cfg-path', '/tmp/tmpyufpc2ul']
[2023-10-03T08:05:05.878+0000] {standard_task_runner.py:85} INFO - Job 18: Subtask call_http_status_space_devs_api
[2023-10-03T08:05:06.171+0000] {task_command.py:410} INFO - Running <TaskInstance: capstone_project.call_http_status_space_devs_api scheduled__2023-09-30T00:00:00+00:00 [running]> on host 9a30478b5169
[2023-10-03T08:05:06.640+0000] {taskinstance.py:1570} INFO - Exporting env vars: AIRFLOW_CTX_DAG_OWNER='***' AIRFLOW_CTX_DAG_ID='capstone_project' AIRFLOW_CTX_TASK_ID='call_http_status_space_devs_api' AIRFLOW_CTX_EXECUTION_DATE='2023-09-30T00:00:00+00:00' AIRFLOW_CTX_TRY_NUMBER='1' AIRFLOW_CTX_DAG_RUN_ID='scheduled__2023-09-30T00:00:00+00:00'
[2023-10-03T08:05:06.641+0000] {http.py:122} INFO - Poking: 
[2023-10-03T08:05:06.683+0000] {taskinstance.py:1847} ERROR - Task failed with exception
Traceback (most recent call last):
  File "/home/airflow/.local/lib/python3.7/site-packages/airflow/sensors/base.py", line 225, in execute
    raise e
  File "/home/airflow/.local/lib/python3.7/site-packages/airflow/sensors/base.py", line 212, in execute
    poke_return = self.poke(context)
  File "/home/airflow/.local/lib/python3.7/site-packages/airflow/providers/http/sensors/http.py", line 137, in poke
    raise exc
  File "/home/airflow/.local/lib/python3.7/site-packages/airflow/providers/http/sensors/http.py", line 128, in poke
    extra_options=self.extra_options,
  File "/home/airflow/.local/lib/python3.7/site-packages/airflow/providers/http/hooks/http.py", line 148, in run
    session = self.get_conn(headers)
  File "/home/airflow/.local/lib/python3.7/site-packages/airflow/providers/http/hooks/http.py", line 100, in get_conn
    conn = self.get_connection(self.http_conn_id)
  File "/home/airflow/.local/lib/python3.7/site-packages/airflow/hooks/base.py", line 72, in get_connection
    conn = Connection.get_connection_from_secrets(conn_id)
  File "/home/airflow/.local/lib/python3.7/site-packages/airflow/models/connection.py", line 434, in get_connection_from_secrets
    raise AirflowNotFoundException(f"The conn_id `{conn_id}` isn't defined")
airflow.exceptions.AirflowNotFoundException: The conn_id `http_default` isn't defined
[2023-10-03T08:05:06.689+0000] {taskinstance.py:1373} INFO - Marking task as FAILED. dag_id=capstone_project, task_id=call_http_status_space_devs_api, execution_date=20230930T000000, start_date=20231003T080505, end_date=20231003T080506
[2023-10-03T08:05:06.730+0000] {standard_task_runner.py:109} ERROR - Failed to execute job 18 for task call_http_status_space_devs_api (The conn_id `http_default` isn't defined; 883)
[2023-10-03T08:05:06.778+0000] {local_task_job_runner.py:232} INFO - Task exited with return code 1
[2023-10-03T08:05:06.817+0000] {taskinstance.py:2674} INFO - 0 downstream tasks scheduled from follow-on schedule check
[2023-10-03T09:06:21.358+0000] {taskinstance.py:1125} INFO - Dependencies all met for dep_context=non-requeueable deps ti=<TaskInstance: capstone_project.call_http_status_space_devs_api scheduled__2023-09-30T00:00:00+00:00 [queued]>
[2023-10-03T09:06:21.406+0000] {taskinstance.py:1125} INFO - Dependencies all met for dep_context=requeueable deps ti=<TaskInstance: capstone_project.call_http_status_space_devs_api scheduled__2023-09-30T00:00:00+00:00 [queued]>
[2023-10-03T09:06:21.414+0000] {taskinstance.py:1331} INFO - Starting attempt 1 of 1
[2023-10-03T09:06:21.537+0000] {taskinstance.py:1350} INFO - Executing <Task(HttpSensor): call_http_status_space_devs_api> on 2023-09-30 00:00:00+00:00
[2023-10-03T09:06:21.579+0000] {standard_task_runner.py:57} INFO - Started process 535 to run task
[2023-10-03T09:06:21.609+0000] {standard_task_runner.py:84} INFO - Running: ['***', 'tasks', 'run', 'capstone_project', 'call_http_status_space_devs_api', 'scheduled__2023-09-30T00:00:00+00:00', '--job-id', '88', '--raw', '--subdir', 'DAGS_FOLDER/capstone_project.py', '--cfg-path', '/tmp/tmprkz3h16i']
[2023-10-03T09:06:21.624+0000] {standard_task_runner.py:85} INFO - Job 88: Subtask call_http_status_space_devs_api
[2023-10-03T09:06:21.891+0000] {task_command.py:410} INFO - Running <TaskInstance: capstone_project.call_http_status_space_devs_api scheduled__2023-09-30T00:00:00+00:00 [running]> on host 9a30478b5169
[2023-10-03T09:06:22.289+0000] {taskinstance.py:1570} INFO - Exporting env vars: AIRFLOW_CTX_DAG_OWNER='***' AIRFLOW_CTX_DAG_ID='capstone_project' AIRFLOW_CTX_TASK_ID='call_http_status_space_devs_api' AIRFLOW_CTX_EXECUTION_DATE='2023-09-30T00:00:00+00:00' AIRFLOW_CTX_TRY_NUMBER='1' AIRFLOW_CTX_DAG_RUN_ID='scheduled__2023-09-30T00:00:00+00:00'
[2023-10-03T09:06:22.293+0000] {http.py:122} INFO - Poking: 
[2023-10-03T09:06:22.420+0000] {base.py:73} INFO - Using connection ID 'thespacedevs_dev' for task execution.
[2023-10-03T09:06:23.278+0000] {base.py:255} INFO - Success criteria met. Exiting.
[2023-10-03T09:06:23.355+0000] {taskinstance.py:1373} INFO - Marking task as SUCCESS. dag_id=capstone_project, task_id=call_http_status_space_devs_api, execution_date=20230930T000000, start_date=20231003T090621, end_date=20231003T090623
[2023-10-03T09:06:23.537+0000] {local_task_job_runner.py:232} INFO - Task exited with return code 0
[2023-10-03T09:06:23.654+0000] {taskinstance.py:2674} INFO - 0 downstream tasks scheduled from follow-on schedule check
[2023-10-03T09:40:05.471+0000] {taskinstance.py:1125} INFO - Dependencies all met for dep_context=non-requeueable deps ti=<TaskInstance: capstone_project.call_http_status_space_devs_api scheduled__2023-09-30T00:00:00+00:00 [queued]>
[2023-10-03T09:40:05.520+0000] {taskinstance.py:1125} INFO - Dependencies all met for dep_context=requeueable deps ti=<TaskInstance: capstone_project.call_http_status_space_devs_api scheduled__2023-09-30T00:00:00+00:00 [queued]>
[2023-10-03T09:40:05.520+0000] {taskinstance.py:1331} INFO - Starting attempt 1 of 1
[2023-10-03T09:40:05.619+0000] {taskinstance.py:1350} INFO - Executing <Task(HttpSensor): call_http_status_space_devs_api> on 2023-09-30 00:00:00+00:00
[2023-10-03T09:40:05.646+0000] {standard_task_runner.py:57} INFO - Started process 1162 to run task
[2023-10-03T09:40:05.657+0000] {standard_task_runner.py:84} INFO - Running: ['***', 'tasks', 'run', 'capstone_project', 'call_http_status_space_devs_api', 'scheduled__2023-09-30T00:00:00+00:00', '--job-id', '109', '--raw', '--subdir', 'DAGS_FOLDER/capstone_project.py', '--cfg-path', '/tmp/tmpqineo9em']
[2023-10-03T09:40:05.668+0000] {standard_task_runner.py:85} INFO - Job 109: Subtask call_http_status_space_devs_api
[2023-10-03T09:40:05.964+0000] {task_command.py:410} INFO - Running <TaskInstance: capstone_project.call_http_status_space_devs_api scheduled__2023-09-30T00:00:00+00:00 [running]> on host 9a30478b5169
[2023-10-03T09:40:06.917+0000] {taskinstance.py:1570} INFO - Exporting env vars: AIRFLOW_CTX_DAG_OWNER='***' AIRFLOW_CTX_DAG_ID='capstone_project' AIRFLOW_CTX_TASK_ID='call_http_status_space_devs_api' AIRFLOW_CTX_EXECUTION_DATE='2023-09-30T00:00:00+00:00' AIRFLOW_CTX_TRY_NUMBER='1' AIRFLOW_CTX_DAG_RUN_ID='scheduled__2023-09-30T00:00:00+00:00'
[2023-10-03T09:40:06.918+0000] {http.py:122} INFO - Poking: 
[2023-10-03T09:40:06.993+0000] {base.py:73} INFO - Using connection ID 'thespacedevs_dev' for task execution.
[2023-10-03T09:40:07.732+0000] {base.py:255} INFO - Success criteria met. Exiting.
[2023-10-03T09:40:07.749+0000] {taskinstance.py:1373} INFO - Marking task as SUCCESS. dag_id=capstone_project, task_id=call_http_status_space_devs_api, execution_date=20230930T000000, start_date=20231003T094005, end_date=20231003T094007
[2023-10-03T09:40:07.812+0000] {local_task_job_runner.py:232} INFO - Task exited with return code 0
[2023-10-03T09:40:07.942+0000] {taskinstance.py:2674} INFO - 1 downstream tasks scheduled from follow-on schedule check
[2023-10-03T12:33:28.231+0000] {taskinstance.py:1125} INFO - Dependencies all met for dep_context=non-requeueable deps ti=<TaskInstance: capstone_project.call_http_status_space_devs_api scheduled__2023-09-30T00:00:00+00:00 [queued]>
[2023-10-03T12:33:28.503+0000] {taskinstance.py:1125} INFO - Dependencies all met for dep_context=requeueable deps ti=<TaskInstance: capstone_project.call_http_status_space_devs_api scheduled__2023-09-30T00:00:00+00:00 [queued]>
[2023-10-03T12:33:28.522+0000] {taskinstance.py:1331} INFO - Starting attempt 1 of 1
[2023-10-03T12:33:29.111+0000] {taskinstance.py:1350} INFO - Executing <Task(HttpSensor): call_http_status_space_devs_api> on 2023-09-30 00:00:00+00:00
[2023-10-03T12:33:29.329+0000] {standard_task_runner.py:57} INFO - Started process 104 to run task
[2023-10-03T12:33:29.420+0000] {standard_task_runner.py:84} INFO - Running: ['***', 'tasks', 'run', 'capstone_project', 'call_http_status_space_devs_api', 'scheduled__2023-09-30T00:00:00+00:00', '--job-id', '222', '--raw', '--subdir', 'DAGS_FOLDER/capstone_project.py', '--cfg-path', '/tmp/tmpkc_sk1eo']
[2023-10-03T12:33:29.493+0000] {standard_task_runner.py:85} INFO - Job 222: Subtask call_http_status_space_devs_api
[2023-10-03T12:33:30.567+0000] {task_command.py:410} INFO - Running <TaskInstance: capstone_project.call_http_status_space_devs_api scheduled__2023-09-30T00:00:00+00:00 [running]> on host 9a30478b5169
[2023-10-03T12:33:32.793+0000] {taskinstance.py:1570} INFO - Exporting env vars: AIRFLOW_CTX_DAG_OWNER='***' AIRFLOW_CTX_DAG_ID='capstone_project' AIRFLOW_CTX_TASK_ID='call_http_status_space_devs_api' AIRFLOW_CTX_EXECUTION_DATE='2023-09-30T00:00:00+00:00' AIRFLOW_CTX_TRY_NUMBER='1' AIRFLOW_CTX_DAG_RUN_ID='scheduled__2023-09-30T00:00:00+00:00'
[2023-10-03T12:33:32.823+0000] {http.py:122} INFO - Poking: 
[2023-10-03T12:33:32.890+0000] {base.py:73} INFO - Using connection ID 'thespacedevs_dev' for task execution.
[2023-10-03T12:33:34.394+0000] {base.py:255} INFO - Success criteria met. Exiting.
[2023-10-03T12:33:34.598+0000] {taskinstance.py:1373} INFO - Marking task as SUCCESS. dag_id=capstone_project, task_id=call_http_status_space_devs_api, execution_date=20230930T000000, start_date=20231003T123328, end_date=20231003T123334
[2023-10-03T12:33:34.928+0000] {local_task_job_runner.py:232} INFO - Task exited with return code 0
[2023-10-03T12:33:35.633+0000] {taskinstance.py:2674} INFO - 1 downstream tasks scheduled from follow-on schedule check
