[2023-10-03T09:40:17.889+0000] {taskinstance.py:1125} INFO - Dependencies all met for dep_context=non-requeueable deps ti=<TaskInstance: capstone_project.check_results scheduled__2023-09-30T00:00:00+00:00 [queued]>
[2023-10-03T09:40:17.963+0000] {taskinstance.py:1125} INFO - Dependencies all met for dep_context=requeueable deps ti=<TaskInstance: capstone_project.check_results scheduled__2023-09-30T00:00:00+00:00 [queued]>
[2023-10-03T09:40:17.969+0000] {taskinstance.py:1331} INFO - Starting attempt 1 of 1
[2023-10-03T09:40:18.149+0000] {taskinstance.py:1350} INFO - Executing <Task(PythonOperator): check_results> on 2023-09-30 00:00:00+00:00
[2023-10-03T09:40:18.197+0000] {standard_task_runner.py:84} INFO - Running: ['***', 'tasks', 'run', 'capstone_project', 'check_results', 'scheduled__2023-09-30T00:00:00+00:00', '--job-id', '130', '--raw', '--subdir', 'DAGS_FOLDER/capstone_project.py', '--cfg-path', '/tmp/tmpuicqtx_9']
[2023-10-03T09:40:18.162+0000] {standard_task_runner.py:57} INFO - Started process 1211 to run task
[2023-10-03T09:40:18.224+0000] {standard_task_runner.py:85} INFO - Job 130: Subtask check_results
[2023-10-03T09:40:18.510+0000] {task_command.py:410} INFO - Running <TaskInstance: capstone_project.check_results scheduled__2023-09-30T00:00:00+00:00 [running]> on host 9a30478b5169
[2023-10-03T09:40:19.026+0000] {taskinstance.py:1570} INFO - Exporting env vars: AIRFLOW_CTX_DAG_OWNER='***' AIRFLOW_CTX_DAG_ID='capstone_project' AIRFLOW_CTX_TASK_ID='check_results' AIRFLOW_CTX_EXECUTION_DATE='2023-09-30T00:00:00+00:00' AIRFLOW_CTX_TRY_NUMBER='1' AIRFLOW_CTX_DAG_RUN_ID='scheduled__2023-09-30T00:00:00+00:00'
[2023-10-03T09:40:19.060+0000] {taskinstance.py:1847} ERROR - Task failed with exception
Traceback (most recent call last):
  File "/home/airflow/.local/lib/python3.7/site-packages/airflow/operators/python.py", line 181, in execute
    return_value = self.execute_callable()
  File "/home/airflow/.local/lib/python3.7/site-packages/airflow/operators/python.py", line 198, in execute_callable
    return self.python_callable(*self.op_args, **self.op_kwargs)
  File "/opt/airflow/dags/capstone_project.py", line 39, in _check_if_data_in_request
    response_dict = json.loads(response)
  File "/usr/local/lib/python3.7/json/__init__.py", line 341, in loads
    raise TypeError(f'the JSON object must be str, bytes or bytearray, '
TypeError: the JSON object must be str, bytes or bytearray, not NoneType
[2023-10-03T09:40:19.069+0000] {taskinstance.py:1373} INFO - Marking task as FAILED. dag_id=capstone_project, task_id=check_results, execution_date=20230930T000000, start_date=20231003T094017, end_date=20231003T094019
[2023-10-03T09:40:19.246+0000] {standard_task_runner.py:109} ERROR - Failed to execute job 130 for task check_results (the JSON object must be str, bytes or bytearray, not NoneType; 1211)
[2023-10-03T09:40:19.303+0000] {local_task_job_runner.py:232} INFO - Task exited with return code 1
[2023-10-03T09:40:19.382+0000] {taskinstance.py:2674} INFO - 0 downstream tasks scheduled from follow-on schedule check
[2023-10-03T12:37:57.259+0000] {taskinstance.py:1125} INFO - Dependencies all met for dep_context=non-requeueable deps ti=<TaskInstance: capstone_project.check_results scheduled__2023-09-30T00:00:00+00:00 [queued]>
[2023-10-03T12:37:57.396+0000] {taskinstance.py:1125} INFO - Dependencies all met for dep_context=requeueable deps ti=<TaskInstance: capstone_project.check_results scheduled__2023-09-30T00:00:00+00:00 [queued]>
[2023-10-03T12:37:57.418+0000] {taskinstance.py:1331} INFO - Starting attempt 1 of 1
[2023-10-03T12:37:57.601+0000] {taskinstance.py:1350} INFO - Executing <Task(PythonOperator): check_results> on 2023-09-30 00:00:00+00:00
[2023-10-03T12:37:57.675+0000] {standard_task_runner.py:57} INFO - Started process 111 to run task
[2023-10-03T12:37:57.685+0000] {standard_task_runner.py:84} INFO - Running: ['***', 'tasks', 'run', 'capstone_project', 'check_results', 'scheduled__2023-09-30T00:00:00+00:00', '--job-id', '245', '--raw', '--subdir', 'DAGS_FOLDER/capstone_project.py', '--cfg-path', '/tmp/tmpytbt2wky']
[2023-10-03T12:37:57.726+0000] {standard_task_runner.py:85} INFO - Job 245: Subtask check_results
[2023-10-03T12:37:57.987+0000] {task_command.py:410} INFO - Running <TaskInstance: capstone_project.check_results scheduled__2023-09-30T00:00:00+00:00 [running]> on host 9a30478b5169
[2023-10-03T12:37:58.579+0000] {taskinstance.py:1570} INFO - Exporting env vars: AIRFLOW_CTX_DAG_OWNER='***' AIRFLOW_CTX_DAG_ID='capstone_project' AIRFLOW_CTX_TASK_ID='check_results' AIRFLOW_CTX_EXECUTION_DATE='2023-09-30T00:00:00+00:00' AIRFLOW_CTX_TRY_NUMBER='1' AIRFLOW_CTX_DAG_RUN_ID='scheduled__2023-09-30T00:00:00+00:00'
[2023-10-03T12:37:58.684+0000] {logging_mixin.py:149} INFO - {"count":1,"next":null,"previous":null,"results":[{"id":"1c75cf8f-7097-46cc-9fe3-28c4886df4a6","url":"https://lldev.thespacedevs.com/2.2.0/launch/1c75cf8f-7097-46cc-9fe3-28c4886df4a6/","slug":"falcon-9-block-5-starlink-group-6-19","name":"Falcon 9 Block 5 | Starlink Group 6-19","status":{"id":3,"name":"Launch Successful","abbrev":"Success","description":"The launch vehicle successfully inserted its payload(s) into the target orbit(s)."},"last_updated":"2023-09-30T03:06:46Z","net":"2023-09-30T02:00:00Z","window_end":"2023-09-30T02:15:50Z","window_start":"2023-09-29T22:39:30Z","net_precision":{"id":0,"name":"Second","abbrev":"SEC","description":"The T-0 is accurate to the second."},"probability":40,"weather_concerns":"Anvil Cloud Rules, Cumulus Cloud Rule, Surface Electric Fields Rule","holdreason":"","failreason":"","hashtag":null,"launch_service_provider":{"id":121,"url":"https://lldev.thespacedevs.com/2.2.0/agencies/121/","name":"SpaceX","type":"Commercial"},"rocket":{"id":7961,"configuration":{"id":164,"url":"https://lldev.thespacedevs.com/2.2.0/config/launcher/164/","name":"Falcon 9","family":"Falcon","full_name":"Falcon 9 Block 5","variant":"Block 5"}},"mission":{"id":6478,"name":"Starlink Group 6-19","description":"A batch of 22 satellites for the Starlink mega-constellation - SpaceX's project for space-based Internet communication system.","launch_designator":null,"type":"Communications","orbit":{"id":8,"name":"Low Earth Orbit","abbrev":"LEO"},"agencies":[{"id":121,"url":"https://lldev.thespacedevs.com/2.2.0/agencies/121/","name":"SpaceX","featured":true,"type":"Commercial","country_code":"USA","abbrev":"SpX","description":"Space Exploration Technologies Corp., known as SpaceX, is an American aerospace manufacturer and space transport services company headquartered in Hawthorne, California. It was founded in 2002 by entrepreneur Elon Musk with the goal of reducing space transportation costs and enabling the colonization of Mars. SpaceX operates from many pads, on the East Coast of the US they operate from SLC-40 at Cape Canaveral Space Force Station and historic LC-39A at Kennedy Space Center. They also operate from SLC-4E at Vandenberg Space Force Base, California, usually for polar launches. Another launch site is being developed at Boca Chica, Texas.","administrator":"CEO: Elon Musk","founding_year":"2002","launchers":"Falcon | Starship","spacecraft":"Dragon","launch_library_url":"https://launchlibrary.net/1.4/agency/121","total_launch_count":283,"consecutive_successful_launches":44,"successful_launches":273,"failed_launches":10,"pending_launches":130,"consecutive_successful_landings":153,"successful_landings":235,"failed_landings":22,"attempted_landings":256,"info_url":"http://www.spacex.com/","wiki_url":"http://en.wikipedia.org/wiki/SpaceX","logo_url":"https://spacelaunchnow-prod-east.nyc3.digitaloceanspaces.com/media/logo/spacex_logo_20220826094919.png","image_url":"https://spacelaunchnow-prod-east.nyc3.digitaloceanspaces.com/media/agency_images/spacex_image_20190207032501.jpeg","nation_url":"https://spacelaunchnow-prod-east.nyc3.digitaloceanspaces.com/media/agency_nation/spacex_nation_20230531064544.jpg"}],"info_urls":[],"vid_urls":[]},"pad":{"id":80,"url":"https://lldev.thespacedevs.com/2.2.0/pad/80/","agency_id":121,"name":"Space Launch Complex 40","description":null,"info_url":null,"wiki_url":"https://en.wikipedia.org/wiki/Cape_Canaveral_Air_Force_Station_Space_Launch_Complex_40","map_url":"https://www.google.com/maps?q=28.56194122,-80.57735736","latitude":"28.56194122","longitude":"-80.57735736","location":{"id":12,"url":"https://lldev.thespacedevs.com/2.2.0/location/12/","name":"Cape Canaveral, FL, USA","country_code":"USA","description":null,"map_image":"https://spacelaunchnow-prod-east.nyc3.digitaloceanspaces.com/media/launch_images/location_12_20200803142519.jpg","timezone_name":"America/New_York","total_launch_count":910,"total_landing_count":37},"country_code":"USA","map_image":"https://spacelaunchnow-prod-east.nyc3.digitaloceanspaces.com/media/launch_images/pad_80_20200803143323.jpg","total_launch_count":202,"orbital_launch_attempt_count":202},"webcast_live":false,"image":"https://spacelaunchnow-prod-east.nyc3.digitaloceanspaces.com/media/launch_images/falcon2520925_image_20230727063129.png","infographic":null,"program":[],"orbital_launch_attempt_count":6516,"location_launch_attempt_count":910,"pad_launch_attempt_count":202,"agency_launch_attempt_count":283,"orbital_launch_attempt_count_year":159,"location_launch_attempt_count_year":42,"pad_launch_attempt_count_year":39,"agency_launch_attempt_count_year":70}]} <class 'str'>
[2023-10-03T12:37:58.690+0000] {python.py:183} INFO - Done. Returned value was: None
[2023-10-03T12:37:58.726+0000] {taskinstance.py:1373} INFO - Marking task as SUCCESS. dag_id=capstone_project, task_id=check_results, execution_date=20230930T000000, start_date=20231003T123757, end_date=20231003T123758
[2023-10-03T12:37:58.936+0000] {local_task_job_runner.py:232} INFO - Task exited with return code 0
[2023-10-03T12:37:59.126+0000] {taskinstance.py:2674} INFO - 1 downstream tasks scheduled from follow-on schedule check
