[2023-10-03T08:09:30.680+0000] {taskinstance.py:1125} INFO - Dependencies all met for dep_context=non-requeueable deps ti=<TaskInstance: capstone_project.call_http_status_space_devs_api scheduled__2023-09-26T00:00:00+00:00 [queued]>
[2023-10-03T08:09:30.951+0000] {taskinstance.py:1125} INFO - Dependencies all met for dep_context=requeueable deps ti=<TaskInstance: capstone_project.call_http_status_space_devs_api scheduled__2023-09-26T00:00:00+00:00 [queued]>
[2023-10-03T08:09:30.953+0000] {taskinstance.py:1331} INFO - Starting attempt 2 of 2
[2023-10-03T08:09:31.385+0000] {taskinstance.py:1350} INFO - Executing <Task(HttpSensor): call_http_status_space_devs_api> on 2023-09-26 00:00:00+00:00
[2023-10-03T08:09:31.510+0000] {standard_task_runner.py:57} INFO - Started process 990 to run task
[2023-10-03T08:09:31.548+0000] {standard_task_runner.py:84} INFO - Running: ['***', 'tasks', 'run', 'capstone_project', 'call_http_status_space_devs_api', 'scheduled__2023-09-26T00:00:00+00:00', '--job-id', '34', '--raw', '--subdir', 'DAGS_FOLDER/capstone_project.py', '--cfg-path', '/tmp/tmp7l94w4ox']
[2023-10-03T08:09:31.564+0000] {standard_task_runner.py:85} INFO - Job 34: Subtask call_http_status_space_devs_api
[2023-10-03T08:09:32.108+0000] {task_command.py:410} INFO - Running <TaskInstance: capstone_project.call_http_status_space_devs_api scheduled__2023-09-26T00:00:00+00:00 [running]> on host 9a30478b5169
[2023-10-03T08:09:33.346+0000] {taskinstance.py:1570} INFO - Exporting env vars: AIRFLOW_CTX_DAG_OWNER='***' AIRFLOW_CTX_DAG_ID='capstone_project' AIRFLOW_CTX_TASK_ID='call_http_status_space_devs_api' AIRFLOW_CTX_EXECUTION_DATE='2023-09-26T00:00:00+00:00' AIRFLOW_CTX_TRY_NUMBER='2' AIRFLOW_CTX_DAG_RUN_ID='scheduled__2023-09-26T00:00:00+00:00'
[2023-10-03T08:09:33.355+0000] {http.py:122} INFO - Poking: 
[2023-10-03T08:09:33.495+0000] {base.py:73} INFO - Using connection ID 'thespacedevs_dev' for task execution.
[2023-10-03T08:09:34.366+0000] {base.py:255} INFO - Success criteria met. Exiting.
[2023-10-03T08:09:34.430+0000] {taskinstance.py:1373} INFO - Marking task as SUCCESS. dag_id=capstone_project, task_id=call_http_status_space_devs_api, execution_date=20230926T000000, start_date=20231003T080930, end_date=20231003T080934
[2023-10-03T08:09:34.579+0000] {local_task_job_runner.py:232} INFO - Task exited with return code 0
[2023-10-03T08:09:34.651+0000] {taskinstance.py:2674} INFO - 0 downstream tasks scheduled from follow-on schedule check
[2023-10-03T12:30:51.088+0000] {taskinstance.py:1125} INFO - Dependencies all met for dep_context=non-requeueable deps ti=<TaskInstance: capstone_project.call_http_status_space_devs_api scheduled__2023-09-26T00:00:00+00:00 [queued]>
[2023-10-03T12:30:51.301+0000] {taskinstance.py:1125} INFO - Dependencies all met for dep_context=requeueable deps ti=<TaskInstance: capstone_project.call_http_status_space_devs_api scheduled__2023-09-26T00:00:00+00:00 [queued]>
[2023-10-03T12:30:51.301+0000] {taskinstance.py:1331} INFO - Starting attempt 2 of 2
[2023-10-03T12:30:51.580+0000] {taskinstance.py:1350} INFO - Executing <Task(HttpSensor): call_http_status_space_devs_api> on 2023-09-26 00:00:00+00:00
[2023-10-03T12:30:51.591+0000] {standard_task_runner.py:57} INFO - Started process 102 to run task
[2023-10-03T12:30:51.614+0000] {standard_task_runner.py:84} INFO - Running: ['***', 'tasks', 'run', 'capstone_project', 'call_http_status_space_devs_api', 'scheduled__2023-09-26T00:00:00+00:00', '--job-id', '206', '--raw', '--subdir', 'DAGS_FOLDER/capstone_project.py', '--cfg-path', '/tmp/tmpuj9xgjw1']
[2023-10-03T12:30:51.616+0000] {standard_task_runner.py:85} INFO - Job 206: Subtask call_http_status_space_devs_api
[2023-10-03T12:30:51.896+0000] {task_command.py:410} INFO - Running <TaskInstance: capstone_project.call_http_status_space_devs_api scheduled__2023-09-26T00:00:00+00:00 [running]> on host 9a30478b5169
[2023-10-03T12:30:52.764+0000] {taskinstance.py:1570} INFO - Exporting env vars: AIRFLOW_CTX_DAG_OWNER='***' AIRFLOW_CTX_DAG_ID='capstone_project' AIRFLOW_CTX_TASK_ID='call_http_status_space_devs_api' AIRFLOW_CTX_EXECUTION_DATE='2023-09-26T00:00:00+00:00' AIRFLOW_CTX_TRY_NUMBER='2' AIRFLOW_CTX_DAG_RUN_ID='scheduled__2023-09-26T00:00:00+00:00'
[2023-10-03T12:30:52.794+0000] {http.py:122} INFO - Poking: 
[2023-10-03T12:30:52.975+0000] {base.py:73} INFO - Using connection ID 'thespacedevs_dev' for task execution.
[2023-10-03T12:30:54.505+0000] {base.py:255} INFO - Success criteria met. Exiting.
[2023-10-03T12:30:55.407+0000] {taskinstance.py:1373} INFO - Marking task as SUCCESS. dag_id=capstone_project, task_id=call_http_status_space_devs_api, execution_date=20230926T000000, start_date=20231003T123051, end_date=20231003T123055
[2023-10-03T12:30:55.861+0000] {local_task_job_runner.py:232} INFO - Task exited with return code 0
[2023-10-03T12:30:56.099+0000] {taskinstance.py:2674} INFO - 0 downstream tasks scheduled from follow-on schedule check
[2023-10-03T12:51:29.731+0000] {taskinstance.py:1125} INFO - Dependencies all met for dep_context=non-requeueable deps ti=<TaskInstance: capstone_project.call_http_status_space_devs_api scheduled__2023-09-26T00:00:00+00:00 [queued]>
[2023-10-03T12:51:29.893+0000] {taskinstance.py:1125} INFO - Dependencies all met for dep_context=requeueable deps ti=<TaskInstance: capstone_project.call_http_status_space_devs_api scheduled__2023-09-26T00:00:00+00:00 [queued]>
[2023-10-03T12:51:29.894+0000] {taskinstance.py:1331} INFO - Starting attempt 2 of 2
[2023-10-03T12:51:30.194+0000] {taskinstance.py:1350} INFO - Executing <Task(HttpSensor): call_http_status_space_devs_api> on 2023-09-26 00:00:00+00:00
[2023-10-03T12:51:30.304+0000] {standard_task_runner.py:57} INFO - Started process 415 to run task
[2023-10-03T12:51:30.447+0000] {standard_task_runner.py:84} INFO - Running: ['***', 'tasks', 'run', 'capstone_project', 'call_http_status_space_devs_api', 'scheduled__2023-09-26T00:00:00+00:00', '--job-id', '270', '--raw', '--subdir', 'DAGS_FOLDER/capstone_project.py', '--cfg-path', '/tmp/tmp7iprqsts']
[2023-10-03T12:51:30.467+0000] {standard_task_runner.py:85} INFO - Job 270: Subtask call_http_status_space_devs_api
[2023-10-03T12:51:31.821+0000] {task_command.py:410} INFO - Running <TaskInstance: capstone_project.call_http_status_space_devs_api scheduled__2023-09-26T00:00:00+00:00 [running]> on host 9a30478b5169
[2023-10-03T12:51:34.009+0000] {taskinstance.py:1570} INFO - Exporting env vars: AIRFLOW_CTX_DAG_OWNER='***' AIRFLOW_CTX_DAG_ID='capstone_project' AIRFLOW_CTX_TASK_ID='call_http_status_space_devs_api' AIRFLOW_CTX_EXECUTION_DATE='2023-09-26T00:00:00+00:00' AIRFLOW_CTX_TRY_NUMBER='2' AIRFLOW_CTX_DAG_RUN_ID='scheduled__2023-09-26T00:00:00+00:00'
[2023-10-03T12:51:34.047+0000] {http.py:122} INFO - Poking: 
[2023-10-03T12:51:34.258+0000] {base.py:73} INFO - Using connection ID 'thespacedevs_dev' for task execution.
[2023-10-03T12:51:37.087+0000] {base.py:255} INFO - Success criteria met. Exiting.
[2023-10-03T12:51:37.152+0000] {taskinstance.py:1373} INFO - Marking task as SUCCESS. dag_id=capstone_project, task_id=call_http_status_space_devs_api, execution_date=20230926T000000, start_date=20231003T125129, end_date=20231003T125137
[2023-10-03T12:51:37.461+0000] {local_task_job_runner.py:232} INFO - Task exited with return code 0
[2023-10-03T12:51:37.720+0000] {taskinstance.py:2674} INFO - 0 downstream tasks scheduled from follow-on schedule check
