[2023-10-03T08:05:03.930+0000] {taskinstance.py:1125} INFO - Dependencies all met for dep_context=non-requeueable deps ti=<TaskInstance: capstone_project.call_http_status_space_devs_api scheduled__2023-09-26T00:00:00+00:00 [queued]>
[2023-10-03T08:05:04.120+0000] {taskinstance.py:1125} INFO - Dependencies all met for dep_context=requeueable deps ti=<TaskInstance: capstone_project.call_http_status_space_devs_api scheduled__2023-09-26T00:00:00+00:00 [queued]>
[2023-10-03T08:05:04.126+0000] {taskinstance.py:1331} INFO - Starting attempt 1 of 1
[2023-10-03T08:05:04.428+0000] {taskinstance.py:1350} INFO - Executing <Task(HttpSensor): call_http_status_space_devs_api> on 2023-09-26 00:00:00+00:00
[2023-10-03T08:05:04.475+0000] {standard_task_runner.py:57} INFO - Started process 878 to run task
[2023-10-03T08:05:04.528+0000] {standard_task_runner.py:84} INFO - Running: ['***', 'tasks', 'run', 'capstone_project', 'call_http_status_space_devs_api', 'scheduled__2023-09-26T00:00:00+00:00', '--job-id', '13', '--raw', '--subdir', 'DAGS_FOLDER/capstone_project.py', '--cfg-path', '/tmp/tmpiq899lss']
[2023-10-03T08:05:04.530+0000] {standard_task_runner.py:85} INFO - Job 13: Subtask call_http_status_space_devs_api
[2023-10-03T08:05:04.887+0000] {task_command.py:410} INFO - Running <TaskInstance: capstone_project.call_http_status_space_devs_api scheduled__2023-09-26T00:00:00+00:00 [running]> on host 9a30478b5169
[2023-10-03T08:05:05.522+0000] {taskinstance.py:1570} INFO - Exporting env vars: AIRFLOW_CTX_DAG_OWNER='***' AIRFLOW_CTX_DAG_ID='capstone_project' AIRFLOW_CTX_TASK_ID='call_http_status_space_devs_api' AIRFLOW_CTX_EXECUTION_DATE='2023-09-26T00:00:00+00:00' AIRFLOW_CTX_TRY_NUMBER='1' AIRFLOW_CTX_DAG_RUN_ID='scheduled__2023-09-26T00:00:00+00:00'
[2023-10-03T08:05:05.533+0000] {http.py:122} INFO - Poking: 
[2023-10-03T08:05:05.604+0000] {taskinstance.py:1847} ERROR - Task failed with exception
Traceback (most recent call last):
  File "/home/airflow/.local/lib/python3.7/site-packages/airflow/sensors/base.py", line 225, in execute
    raise e
  File "/home/airflow/.local/lib/python3.7/site-packages/airflow/sensors/base.py", line 212, in execute
    poke_return = self.poke(context)
  File "/home/airflow/.local/lib/python3.7/site-packages/airflow/providers/http/sensors/http.py", line 137, in poke
    raise exc
  File "/home/airflow/.local/lib/python3.7/site-packages/airflow/providers/http/sensors/http.py", line 128, in poke
    extra_options=self.extra_options,
  File "/home/airflow/.local/lib/python3.7/site-packages/airflow/providers/http/hooks/http.py", line 148, in run
    session = self.get_conn(headers)
  File "/home/airflow/.local/lib/python3.7/site-packages/airflow/providers/http/hooks/http.py", line 100, in get_conn
    conn = self.get_connection(self.http_conn_id)
  File "/home/airflow/.local/lib/python3.7/site-packages/airflow/hooks/base.py", line 72, in get_connection
    conn = Connection.get_connection_from_secrets(conn_id)
  File "/home/airflow/.local/lib/python3.7/site-packages/airflow/models/connection.py", line 434, in get_connection_from_secrets
    raise AirflowNotFoundException(f"The conn_id `{conn_id}` isn't defined")
airflow.exceptions.AirflowNotFoundException: The conn_id `http_default` isn't defined
[2023-10-03T08:05:05.636+0000] {taskinstance.py:1373} INFO - Marking task as FAILED. dag_id=capstone_project, task_id=call_http_status_space_devs_api, execution_date=20230926T000000, start_date=20231003T080503, end_date=20231003T080505
[2023-10-03T08:05:05.672+0000] {standard_task_runner.py:109} ERROR - Failed to execute job 13 for task call_http_status_space_devs_api (The conn_id `http_default` isn't defined; 878)
[2023-10-03T08:05:05.719+0000] {local_task_job_runner.py:232} INFO - Task exited with return code 1
[2023-10-03T08:05:05.801+0000] {taskinstance.py:2674} INFO - 0 downstream tasks scheduled from follow-on schedule check
[2023-10-03T09:06:19.279+0000] {taskinstance.py:1125} INFO - Dependencies all met for dep_context=non-requeueable deps ti=<TaskInstance: capstone_project.call_http_status_space_devs_api scheduled__2023-09-26T00:00:00+00:00 [queued]>
[2023-10-03T09:06:19.450+0000] {taskinstance.py:1125} INFO - Dependencies all met for dep_context=requeueable deps ti=<TaskInstance: capstone_project.call_http_status_space_devs_api scheduled__2023-09-26T00:00:00+00:00 [queued]>
[2023-10-03T09:06:19.451+0000] {taskinstance.py:1331} INFO - Starting attempt 1 of 1
[2023-10-03T09:06:19.580+0000] {taskinstance.py:1350} INFO - Executing <Task(HttpSensor): call_http_status_space_devs_api> on 2023-09-26 00:00:00+00:00
[2023-10-03T09:06:19.625+0000] {standard_task_runner.py:57} INFO - Started process 529 to run task
[2023-10-03T09:06:19.642+0000] {standard_task_runner.py:84} INFO - Running: ['***', 'tasks', 'run', 'capstone_project', 'call_http_status_space_devs_api', 'scheduled__2023-09-26T00:00:00+00:00', '--job-id', '85', '--raw', '--subdir', 'DAGS_FOLDER/capstone_project.py', '--cfg-path', '/tmp/tmpn_gyg_y2']
[2023-10-03T09:06:19.646+0000] {standard_task_runner.py:85} INFO - Job 85: Subtask call_http_status_space_devs_api
[2023-10-03T09:06:20.027+0000] {task_command.py:410} INFO - Running <TaskInstance: capstone_project.call_http_status_space_devs_api scheduled__2023-09-26T00:00:00+00:00 [running]> on host 9a30478b5169
[2023-10-03T09:06:20.610+0000] {taskinstance.py:1570} INFO - Exporting env vars: AIRFLOW_CTX_DAG_OWNER='***' AIRFLOW_CTX_DAG_ID='capstone_project' AIRFLOW_CTX_TASK_ID='call_http_status_space_devs_api' AIRFLOW_CTX_EXECUTION_DATE='2023-09-26T00:00:00+00:00' AIRFLOW_CTX_TRY_NUMBER='1' AIRFLOW_CTX_DAG_RUN_ID='scheduled__2023-09-26T00:00:00+00:00'
[2023-10-03T09:06:20.610+0000] {http.py:122} INFO - Poking: 
[2023-10-03T09:06:20.670+0000] {base.py:73} INFO - Using connection ID 'thespacedevs_dev' for task execution.
[2023-10-03T09:06:21.113+0000] {base.py:255} INFO - Success criteria met. Exiting.
[2023-10-03T09:06:21.226+0000] {taskinstance.py:1373} INFO - Marking task as SUCCESS. dag_id=capstone_project, task_id=call_http_status_space_devs_api, execution_date=20230926T000000, start_date=20231003T090619, end_date=20231003T090621
[2023-10-03T09:06:21.378+0000] {local_task_job_runner.py:232} INFO - Task exited with return code 0
[2023-10-03T09:06:21.533+0000] {taskinstance.py:2674} INFO - 1 downstream tasks scheduled from follow-on schedule check
[2023-10-03T09:40:04.526+0000] {taskinstance.py:1125} INFO - Dependencies all met for dep_context=non-requeueable deps ti=<TaskInstance: capstone_project.call_http_status_space_devs_api scheduled__2023-09-26T00:00:00+00:00 [queued]>
[2023-10-03T09:40:04.595+0000] {taskinstance.py:1125} INFO - Dependencies all met for dep_context=requeueable deps ti=<TaskInstance: capstone_project.call_http_status_space_devs_api scheduled__2023-09-26T00:00:00+00:00 [queued]>
[2023-10-03T09:40:04.596+0000] {taskinstance.py:1331} INFO - Starting attempt 1 of 1
[2023-10-03T09:40:04.732+0000] {taskinstance.py:1350} INFO - Executing <Task(HttpSensor): call_http_status_space_devs_api> on 2023-09-26 00:00:00+00:00
[2023-10-03T09:40:04.792+0000] {standard_task_runner.py:84} INFO - Running: ['***', 'tasks', 'run', 'capstone_project', 'call_http_status_space_devs_api', 'scheduled__2023-09-26T00:00:00+00:00', '--job-id', '105', '--raw', '--subdir', 'DAGS_FOLDER/capstone_project.py', '--cfg-path', '/tmp/tmp11veefrx']
[2023-10-03T09:40:04.757+0000] {standard_task_runner.py:57} INFO - Started process 1158 to run task
[2023-10-03T09:40:04.811+0000] {standard_task_runner.py:85} INFO - Job 105: Subtask call_http_status_space_devs_api
[2023-10-03T09:40:05.144+0000] {task_command.py:410} INFO - Running <TaskInstance: capstone_project.call_http_status_space_devs_api scheduled__2023-09-26T00:00:00+00:00 [running]> on host 9a30478b5169
[2023-10-03T09:40:05.731+0000] {taskinstance.py:1570} INFO - Exporting env vars: AIRFLOW_CTX_DAG_OWNER='***' AIRFLOW_CTX_DAG_ID='capstone_project' AIRFLOW_CTX_TASK_ID='call_http_status_space_devs_api' AIRFLOW_CTX_EXECUTION_DATE='2023-09-26T00:00:00+00:00' AIRFLOW_CTX_TRY_NUMBER='1' AIRFLOW_CTX_DAG_RUN_ID='scheduled__2023-09-26T00:00:00+00:00'
[2023-10-03T09:40:05.731+0000] {http.py:122} INFO - Poking: 
[2023-10-03T09:40:05.770+0000] {base.py:73} INFO - Using connection ID 'thespacedevs_dev' for task execution.
[2023-10-03T09:40:06.451+0000] {base.py:255} INFO - Success criteria met. Exiting.
[2023-10-03T09:40:06.575+0000] {taskinstance.py:1373} INFO - Marking task as SUCCESS. dag_id=capstone_project, task_id=call_http_status_space_devs_api, execution_date=20230926T000000, start_date=20231003T094004, end_date=20231003T094006
[2023-10-03T09:40:06.913+0000] {local_task_job_runner.py:232} INFO - Task exited with return code 0
[2023-10-03T09:40:07.331+0000] {taskinstance.py:2674} INFO - 1 downstream tasks scheduled from follow-on schedule check
[2023-10-03T12:33:28.564+0000] {taskinstance.py:1125} INFO - Dependencies all met for dep_context=non-requeueable deps ti=<TaskInstance: capstone_project.call_http_status_space_devs_api scheduled__2023-09-26T00:00:00+00:00 [queued]>
[2023-10-03T12:33:29.130+0000] {taskinstance.py:1125} INFO - Dependencies all met for dep_context=requeueable deps ti=<TaskInstance: capstone_project.call_http_status_space_devs_api scheduled__2023-09-26T00:00:00+00:00 [queued]>
[2023-10-03T12:33:29.139+0000] {taskinstance.py:1331} INFO - Starting attempt 1 of 1
[2023-10-03T12:33:29.627+0000] {taskinstance.py:1350} INFO - Executing <Task(HttpSensor): call_http_status_space_devs_api> on 2023-09-26 00:00:00+00:00
[2023-10-03T12:33:29.886+0000] {standard_task_runner.py:57} INFO - Started process 112 to run task
[2023-10-03T12:33:30.055+0000] {standard_task_runner.py:84} INFO - Running: ['***', 'tasks', 'run', 'capstone_project', 'call_http_status_space_devs_api', 'scheduled__2023-09-26T00:00:00+00:00', '--job-id', '217', '--raw', '--subdir', 'DAGS_FOLDER/capstone_project.py', '--cfg-path', '/tmp/tmpw9x1x72a']
[2023-10-03T12:33:30.154+0000] {standard_task_runner.py:85} INFO - Job 217: Subtask call_http_status_space_devs_api
[2023-10-03T12:33:31.313+0000] {task_command.py:410} INFO - Running <TaskInstance: capstone_project.call_http_status_space_devs_api scheduled__2023-09-26T00:00:00+00:00 [running]> on host 9a30478b5169
[2023-10-03T12:33:33.357+0000] {taskinstance.py:1570} INFO - Exporting env vars: AIRFLOW_CTX_DAG_OWNER='***' AIRFLOW_CTX_DAG_ID='capstone_project' AIRFLOW_CTX_TASK_ID='call_http_status_space_devs_api' AIRFLOW_CTX_EXECUTION_DATE='2023-09-26T00:00:00+00:00' AIRFLOW_CTX_TRY_NUMBER='1' AIRFLOW_CTX_DAG_RUN_ID='scheduled__2023-09-26T00:00:00+00:00'
[2023-10-03T12:33:33.373+0000] {http.py:122} INFO - Poking: 
[2023-10-03T12:33:33.461+0000] {base.py:73} INFO - Using connection ID 'thespacedevs_dev' for task execution.
[2023-10-03T12:33:34.269+0000] {base.py:255} INFO - Success criteria met. Exiting.
[2023-10-03T12:33:34.467+0000] {taskinstance.py:1373} INFO - Marking task as SUCCESS. dag_id=capstone_project, task_id=call_http_status_space_devs_api, execution_date=20230926T000000, start_date=20231003T123328, end_date=20231003T123334
[2023-10-03T12:33:35.228+0000] {local_task_job_runner.py:232} INFO - Task exited with return code 0
[2023-10-03T12:33:35.501+0000] {taskinstance.py:2674} INFO - 1 downstream tasks scheduled from follow-on schedule check
[2023-10-03T12:56:58.451+0000] {taskinstance.py:1125} INFO - Dependencies all met for dep_context=non-requeueable deps ti=<TaskInstance: capstone_project.call_http_status_space_devs_api scheduled__2023-09-26T00:00:00+00:00 [queued]>
[2023-10-03T12:56:58.607+0000] {taskinstance.py:1125} INFO - Dependencies all met for dep_context=requeueable deps ti=<TaskInstance: capstone_project.call_http_status_space_devs_api scheduled__2023-09-26T00:00:00+00:00 [queued]>
[2023-10-03T12:56:58.612+0000] {taskinstance.py:1331} INFO - Starting attempt 1 of 1
[2023-10-03T12:56:58.847+0000] {taskinstance.py:1350} INFO - Executing <Task(HttpSensor): call_http_status_space_devs_api> on 2023-09-26 00:00:00+00:00
[2023-10-03T12:56:58.960+0000] {standard_task_runner.py:57} INFO - Started process 122 to run task
[2023-10-03T12:56:59.031+0000] {standard_task_runner.py:84} INFO - Running: ['***', 'tasks', 'run', 'capstone_project', 'call_http_status_space_devs_api', 'scheduled__2023-09-26T00:00:00+00:00', '--job-id', '297', '--raw', '--subdir', 'DAGS_FOLDER/capstone_project.py', '--cfg-path', '/tmp/tmpheia72fa']
[2023-10-03T12:56:59.131+0000] {standard_task_runner.py:85} INFO - Job 297: Subtask call_http_status_space_devs_api
[2023-10-03T12:57:00.123+0000] {task_command.py:410} INFO - Running <TaskInstance: capstone_project.call_http_status_space_devs_api scheduled__2023-09-26T00:00:00+00:00 [running]> on host 9a30478b5169
[2023-10-03T12:57:01.939+0000] {taskinstance.py:1570} INFO - Exporting env vars: AIRFLOW_CTX_DAG_OWNER='***' AIRFLOW_CTX_DAG_ID='capstone_project' AIRFLOW_CTX_TASK_ID='call_http_status_space_devs_api' AIRFLOW_CTX_EXECUTION_DATE='2023-09-26T00:00:00+00:00' AIRFLOW_CTX_TRY_NUMBER='1' AIRFLOW_CTX_DAG_RUN_ID='scheduled__2023-09-26T00:00:00+00:00'
[2023-10-03T12:57:01.941+0000] {http.py:122} INFO - Poking: 
[2023-10-03T12:57:02.311+0000] {base.py:73} INFO - Using connection ID 'thespacedevs_dev' for task execution.
[2023-10-03T12:57:03.203+0000] {base.py:255} INFO - Success criteria met. Exiting.
[2023-10-03T12:57:03.383+0000] {taskinstance.py:1373} INFO - Marking task as SUCCESS. dag_id=capstone_project, task_id=call_http_status_space_devs_api, execution_date=20230926T000000, start_date=20231003T125658, end_date=20231003T125703
[2023-10-03T12:57:04.209+0000] {local_task_job_runner.py:232} INFO - Task exited with return code 0
[2023-10-03T12:57:05.247+0000] {taskinstance.py:2674} INFO - 0 downstream tasks scheduled from follow-on schedule check
