[2023-10-03T08:09:31.391+0000] {taskinstance.py:1125} INFO - Dependencies all met for dep_context=non-requeueable deps ti=<TaskInstance: capstone_project.call_http_status_space_devs_api scheduled__2023-09-29T00:00:00+00:00 [queued]>
[2023-10-03T08:09:31.651+0000] {taskinstance.py:1125} INFO - Dependencies all met for dep_context=requeueable deps ti=<TaskInstance: capstone_project.call_http_status_space_devs_api scheduled__2023-09-29T00:00:00+00:00 [queued]>
[2023-10-03T08:09:31.660+0000] {taskinstance.py:1331} INFO - Starting attempt 2 of 2
[2023-10-03T08:09:32.062+0000] {taskinstance.py:1350} INFO - Executing <Task(HttpSensor): call_http_status_space_devs_api> on 2023-09-29 00:00:00+00:00
[2023-10-03T08:09:32.217+0000] {standard_task_runner.py:57} INFO - Started process 996 to run task
[2023-10-03T08:09:32.240+0000] {standard_task_runner.py:84} INFO - Running: ['***', 'tasks', 'run', 'capstone_project', 'call_http_status_space_devs_api', 'scheduled__2023-09-29T00:00:00+00:00', '--job-id', '37', '--raw', '--subdir', 'DAGS_FOLDER/capstone_project.py', '--cfg-path', '/tmp/tmpeixswxwv']
[2023-10-03T08:09:32.265+0000] {standard_task_runner.py:85} INFO - Job 37: Subtask call_http_status_space_devs_api
[2023-10-03T08:09:32.835+0000] {task_command.py:410} INFO - Running <TaskInstance: capstone_project.call_http_status_space_devs_api scheduled__2023-09-29T00:00:00+00:00 [running]> on host 9a30478b5169
[2023-10-03T08:09:33.986+0000] {taskinstance.py:1570} INFO - Exporting env vars: AIRFLOW_CTX_DAG_OWNER='***' AIRFLOW_CTX_DAG_ID='capstone_project' AIRFLOW_CTX_TASK_ID='call_http_status_space_devs_api' AIRFLOW_CTX_EXECUTION_DATE='2023-09-29T00:00:00+00:00' AIRFLOW_CTX_TRY_NUMBER='2' AIRFLOW_CTX_DAG_RUN_ID='scheduled__2023-09-29T00:00:00+00:00'
[2023-10-03T08:09:33.986+0000] {http.py:122} INFO - Poking: 
[2023-10-03T08:09:34.129+0000] {base.py:73} INFO - Using connection ID 'thespacedevs_dev' for task execution.
[2023-10-03T08:09:34.955+0000] {base.py:255} INFO - Success criteria met. Exiting.
[2023-10-03T08:09:34.965+0000] {taskinstance.py:1373} INFO - Marking task as SUCCESS. dag_id=capstone_project, task_id=call_http_status_space_devs_api, execution_date=20230929T000000, start_date=20231003T080931, end_date=20231003T080934
[2023-10-03T08:09:35.007+0000] {local_task_job_runner.py:232} INFO - Task exited with return code 0
[2023-10-03T08:09:35.030+0000] {taskinstance.py:2674} INFO - 0 downstream tasks scheduled from follow-on schedule check
[2023-10-03T12:30:50.986+0000] {taskinstance.py:1125} INFO - Dependencies all met for dep_context=non-requeueable deps ti=<TaskInstance: capstone_project.call_http_status_space_devs_api scheduled__2023-09-29T00:00:00+00:00 [queued]>
[2023-10-03T12:30:51.176+0000] {taskinstance.py:1125} INFO - Dependencies all met for dep_context=requeueable deps ti=<TaskInstance: capstone_project.call_http_status_space_devs_api scheduled__2023-09-29T00:00:00+00:00 [queued]>
[2023-10-03T12:30:51.193+0000] {taskinstance.py:1331} INFO - Starting attempt 2 of 2
[2023-10-03T12:30:51.294+0000] {taskinstance.py:1350} INFO - Executing <Task(HttpSensor): call_http_status_space_devs_api> on 2023-09-29 00:00:00+00:00
[2023-10-03T12:30:51.305+0000] {standard_task_runner.py:57} INFO - Started process 100 to run task
[2023-10-03T12:30:51.324+0000] {standard_task_runner.py:84} INFO - Running: ['***', 'tasks', 'run', 'capstone_project', 'call_http_status_space_devs_api', 'scheduled__2023-09-29T00:00:00+00:00', '--job-id', '205', '--raw', '--subdir', 'DAGS_FOLDER/capstone_project.py', '--cfg-path', '/tmp/tmp4ykf71r1']
[2023-10-03T12:30:51.331+0000] {standard_task_runner.py:85} INFO - Job 205: Subtask call_http_status_space_devs_api
[2023-10-03T12:30:51.746+0000] {task_command.py:410} INFO - Running <TaskInstance: capstone_project.call_http_status_space_devs_api scheduled__2023-09-29T00:00:00+00:00 [running]> on host 9a30478b5169
[2023-10-03T12:30:52.572+0000] {taskinstance.py:1570} INFO - Exporting env vars: AIRFLOW_CTX_DAG_OWNER='***' AIRFLOW_CTX_DAG_ID='capstone_project' AIRFLOW_CTX_TASK_ID='call_http_status_space_devs_api' AIRFLOW_CTX_EXECUTION_DATE='2023-09-29T00:00:00+00:00' AIRFLOW_CTX_TRY_NUMBER='2' AIRFLOW_CTX_DAG_RUN_ID='scheduled__2023-09-29T00:00:00+00:00'
[2023-10-03T12:30:52.591+0000] {http.py:122} INFO - Poking: 
[2023-10-03T12:30:52.763+0000] {base.py:73} INFO - Using connection ID 'thespacedevs_dev' for task execution.
[2023-10-03T12:30:54.352+0000] {base.py:255} INFO - Success criteria met. Exiting.
[2023-10-03T12:30:55.410+0000] {taskinstance.py:1373} INFO - Marking task as SUCCESS. dag_id=capstone_project, task_id=call_http_status_space_devs_api, execution_date=20230929T000000, start_date=20231003T123051, end_date=20231003T123055
[2023-10-03T12:30:55.905+0000] {local_task_job_runner.py:232} INFO - Task exited with return code 0
[2023-10-03T12:30:56.073+0000] {taskinstance.py:2674} INFO - 0 downstream tasks scheduled from follow-on schedule check
