[2023-10-03T09:40:17.685+0000] {taskinstance.py:1125} INFO - Dependencies all met for dep_context=non-requeueable deps ti=<TaskInstance: capstone_project.check_results scheduled__2023-09-26T00:00:00+00:00 [queued]>
[2023-10-03T09:40:17.847+0000] {taskinstance.py:1125} INFO - Dependencies all met for dep_context=requeueable deps ti=<TaskInstance: capstone_project.check_results scheduled__2023-09-26T00:00:00+00:00 [queued]>
[2023-10-03T09:40:17.850+0000] {taskinstance.py:1331} INFO - Starting attempt 1 of 1
[2023-10-03T09:40:18.001+0000] {taskinstance.py:1350} INFO - Executing <Task(PythonOperator): check_results> on 2023-09-26 00:00:00+00:00
[2023-10-03T09:40:18.036+0000] {standard_task_runner.py:57} INFO - Started process 1210 to run task
[2023-10-03T09:40:18.072+0000] {standard_task_runner.py:84} INFO - Running: ['***', 'tasks', 'run', 'capstone_project', 'check_results', 'scheduled__2023-09-26T00:00:00+00:00', '--job-id', '125', '--raw', '--subdir', 'DAGS_FOLDER/capstone_project.py', '--cfg-path', '/tmp/tmpqyya487p']
[2023-10-03T09:40:18.086+0000] {standard_task_runner.py:85} INFO - Job 125: Subtask check_results
[2023-10-03T09:40:18.394+0000] {task_command.py:410} INFO - Running <TaskInstance: capstone_project.check_results scheduled__2023-09-26T00:00:00+00:00 [running]> on host 9a30478b5169
[2023-10-03T09:40:19.088+0000] {taskinstance.py:1570} INFO - Exporting env vars: AIRFLOW_CTX_DAG_OWNER='***' AIRFLOW_CTX_DAG_ID='capstone_project' AIRFLOW_CTX_TASK_ID='check_results' AIRFLOW_CTX_EXECUTION_DATE='2023-09-26T00:00:00+00:00' AIRFLOW_CTX_TRY_NUMBER='1' AIRFLOW_CTX_DAG_RUN_ID='scheduled__2023-09-26T00:00:00+00:00'
[2023-10-03T09:40:19.223+0000] {taskinstance.py:1847} ERROR - Task failed with exception
Traceback (most recent call last):
  File "/home/airflow/.local/lib/python3.7/site-packages/airflow/operators/python.py", line 181, in execute
    return_value = self.execute_callable()
  File "/home/airflow/.local/lib/python3.7/site-packages/airflow/operators/python.py", line 198, in execute_callable
    return self.python_callable(*self.op_args, **self.op_kwargs)
  File "/opt/airflow/dags/capstone_project.py", line 39, in _check_if_data_in_request
    response_dict = json.loads(response)
  File "/usr/local/lib/python3.7/json/__init__.py", line 341, in loads
    raise TypeError(f'the JSON object must be str, bytes or bytearray, '
TypeError: the JSON object must be str, bytes or bytearray, not NoneType
[2023-10-03T09:40:19.282+0000] {taskinstance.py:1373} INFO - Marking task as FAILED. dag_id=capstone_project, task_id=check_results, execution_date=20230926T000000, start_date=20231003T094017, end_date=20231003T094019
[2023-10-03T09:40:19.386+0000] {standard_task_runner.py:109} ERROR - Failed to execute job 125 for task check_results (the JSON object must be str, bytes or bytearray, not NoneType; 1210)
[2023-10-03T09:40:19.447+0000] {local_task_job_runner.py:232} INFO - Task exited with return code 1
[2023-10-03T09:40:19.508+0000] {taskinstance.py:2674} INFO - 0 downstream tasks scheduled from follow-on schedule check
[2023-10-03T12:37:57.849+0000] {taskinstance.py:1125} INFO - Dependencies all met for dep_context=non-requeueable deps ti=<TaskInstance: capstone_project.check_results scheduled__2023-09-26T00:00:00+00:00 [queued]>
[2023-10-03T12:37:57.934+0000] {taskinstance.py:1125} INFO - Dependencies all met for dep_context=requeueable deps ti=<TaskInstance: capstone_project.check_results scheduled__2023-09-26T00:00:00+00:00 [queued]>
[2023-10-03T12:37:57.935+0000] {taskinstance.py:1331} INFO - Starting attempt 1 of 1
[2023-10-03T12:37:58.022+0000] {taskinstance.py:1350} INFO - Executing <Task(PythonOperator): check_results> on 2023-09-26 00:00:00+00:00
[2023-10-03T12:37:58.053+0000] {standard_task_runner.py:57} INFO - Started process 115 to run task
[2023-10-03T12:37:58.099+0000] {standard_task_runner.py:84} INFO - Running: ['***', 'tasks', 'run', 'capstone_project', 'check_results', 'scheduled__2023-09-26T00:00:00+00:00', '--job-id', '252', '--raw', '--subdir', 'DAGS_FOLDER/capstone_project.py', '--cfg-path', '/tmp/tmp3hnuo8x8']
[2023-10-03T12:37:58.112+0000] {standard_task_runner.py:85} INFO - Job 252: Subtask check_results
[2023-10-03T12:37:58.449+0000] {task_command.py:410} INFO - Running <TaskInstance: capstone_project.check_results scheduled__2023-09-26T00:00:00+00:00 [running]> on host 9a30478b5169
[2023-10-03T12:37:59.199+0000] {taskinstance.py:1570} INFO - Exporting env vars: AIRFLOW_CTX_DAG_OWNER='***' AIRFLOW_CTX_DAG_ID='capstone_project' AIRFLOW_CTX_TASK_ID='check_results' AIRFLOW_CTX_EXECUTION_DATE='2023-09-26T00:00:00+00:00' AIRFLOW_CTX_TRY_NUMBER='1' AIRFLOW_CTX_DAG_RUN_ID='scheduled__2023-09-26T00:00:00+00:00'
[2023-10-03T12:37:59.232+0000] {logging_mixin.py:149} INFO - {"count":1,"next":null,"previous":null,"results":[{"id":"41141d58-0df9-49ff-a33d-b296aa864ec8","url":"https://lldev.thespacedevs.com/2.2.0/launch/41141d58-0df9-49ff-a33d-b296aa864ec8/","slug":"long-march-4c-yaogan-33-04","name":"Long March 4C | Yaogan 33-04","status":{"id":3,"name":"Launch Successful","abbrev":"Success","description":"The launch vehicle successfully inserted its payload(s) into the target orbit(s)."},"last_updated":"2023-09-28T08:43:55Z","net":"2023-09-26T20:15:00Z","window_end":"2023-09-26T20:29:00Z","window_start":"2023-09-26T20:06:00Z","net_precision":{"id":1,"name":"Minute","abbrev":"MIN","description":"The T-0 is accurate to the minute."},"probability":null,"weather_concerns":null,"holdreason":"","failreason":"","hashtag":null,"launch_service_provider":{"id":88,"url":"https://lldev.thespacedevs.com/2.2.0/agencies/88/","name":"China Aerospace Science and Technology Corporation","type":"Government"},"rocket":{"id":8000,"configuration":{"id":64,"url":"https://lldev.thespacedevs.com/2.2.0/config/launcher/64/","name":"Long March 4C","family":"Long March 4","full_name":"Long March 4C","variant":"C"}},"mission":{"id":6583,"name":"Yaogan 33-04","description":"The Yaogan 33-04 is a Chinese military “remote sensing” satellite of unknown purpose.","launch_designator":null,"type":"Government/Top Secret","orbit":{"id":17,"name":"Sun-Synchronous Orbit","abbrev":"SSO"},"agencies":[],"info_urls":[],"vid_urls":[]},"pad":{"id":22,"url":"https://lldev.thespacedevs.com/2.2.0/pad/22/","agency_id":null,"name":"Launch Area 4 (SLS-2 / 603)","description":null,"info_url":null,"wiki_url":"https://en.wikipedia.org/wiki/Jiuquan_Launch_Area_4","map_url":"https://www.google.com/maps?q=40.960482,100.298059","latitude":"40.960482","longitude":"100.298059","location":{"id":17,"url":"https://lldev.thespacedevs.com/2.2.0/location/17/","name":"Jiuquan Satellite Launch Center, People's Republic of China","country_code":"CHN","description":null,"map_image":"https://spacelaunchnow-prod-east.nyc3.digitaloceanspaces.com/media/launch_images/location_17_20200803142429.jpg","timezone_name":"Asia/Shanghai","total_launch_count":207,"total_landing_count":0},"country_code":"CHN","map_image":"https://spacelaunchnow-prod-east.nyc3.digitaloceanspaces.com/media/launch_images/pad_22_20200803143437.jpg","total_launch_count":107,"orbital_launch_attempt_count":107},"webcast_live":false,"image":"https://spacelaunchnow-prod-east.nyc3.digitaloceanspaces.com/media/launch_images/long2520march_image_20230928084355.jpeg","infographic":null,"program":[],"orbital_launch_attempt_count":6514,"location_launch_attempt_count":207,"pad_launch_attempt_count":107,"agency_launch_attempt_count":437,"orbital_launch_attempt_count_year":157,"location_launch_attempt_count_year":25,"pad_launch_attempt_count_year":11,"agency_launch_attempt_count_year":31}]} <class 'str'>
[2023-10-03T12:37:59.233+0000] {python.py:183} INFO - Done. Returned value was: None
[2023-10-03T12:37:59.281+0000] {taskinstance.py:1373} INFO - Marking task as SUCCESS. dag_id=capstone_project, task_id=check_results, execution_date=20230926T000000, start_date=20231003T123757, end_date=20231003T123759
[2023-10-03T12:37:59.381+0000] {local_task_job_runner.py:232} INFO - Task exited with return code 0
[2023-10-03T12:37:59.459+0000] {taskinstance.py:2674} INFO - 1 downstream tasks scheduled from follow-on schedule check
[2023-10-03T12:57:42.553+0000] {taskinstance.py:1125} INFO - Dependencies all met for dep_context=non-requeueable deps ti=<TaskInstance: capstone_project.check_results scheduled__2023-09-26T00:00:00+00:00 [queued]>
[2023-10-03T12:57:42.691+0000] {taskinstance.py:1125} INFO - Dependencies all met for dep_context=requeueable deps ti=<TaskInstance: capstone_project.check_results scheduled__2023-09-26T00:00:00+00:00 [queued]>
[2023-10-03T12:57:42.691+0000] {taskinstance.py:1331} INFO - Starting attempt 1 of 1
[2023-10-03T12:57:42.818+0000] {taskinstance.py:1350} INFO - Executing <Task(PythonOperator): check_results> on 2023-09-26 00:00:00+00:00
[2023-10-03T12:57:42.884+0000] {standard_task_runner.py:57} INFO - Started process 193 to run task
[2023-10-03T12:57:42.893+0000] {standard_task_runner.py:84} INFO - Running: ['***', 'tasks', 'run', 'capstone_project', 'check_results', 'scheduled__2023-09-26T00:00:00+00:00', '--job-id', '317', '--raw', '--subdir', 'DAGS_FOLDER/capstone_project.py', '--cfg-path', '/tmp/tmpt4emdvac']
[2023-10-03T12:57:42.922+0000] {standard_task_runner.py:85} INFO - Job 317: Subtask check_results
[2023-10-03T12:57:43.114+0000] {task_command.py:410} INFO - Running <TaskInstance: capstone_project.check_results scheduled__2023-09-26T00:00:00+00:00 [running]> on host 9a30478b5169
[2023-10-03T12:57:43.493+0000] {taskinstance.py:1570} INFO - Exporting env vars: AIRFLOW_CTX_DAG_OWNER='***' AIRFLOW_CTX_DAG_ID='capstone_project' AIRFLOW_CTX_TASK_ID='check_results' AIRFLOW_CTX_EXECUTION_DATE='2023-09-26T00:00:00+00:00' AIRFLOW_CTX_TRY_NUMBER='1' AIRFLOW_CTX_DAG_RUN_ID='scheduled__2023-09-26T00:00:00+00:00'
[2023-10-03T12:57:43.516+0000] {logging_mixin.py:149} INFO - {"count":1,"next":null,"previous":null,"results":[{"id":"41141d58-0df9-49ff-a33d-b296aa864ec8","url":"https://lldev.thespacedevs.com/2.2.0/launch/41141d58-0df9-49ff-a33d-b296aa864ec8/","slug":"long-march-4c-yaogan-33-04","name":"Long March 4C | Yaogan 33-04","status":{"id":3,"name":"Launch Successful","abbrev":"Success","description":"The launch vehicle successfully inserted its payload(s) into the target orbit(s)."},"last_updated":"2023-09-28T08:43:55Z","net":"2023-09-26T20:15:00Z","window_end":"2023-09-26T20:29:00Z","window_start":"2023-09-26T20:06:00Z","net_precision":{"id":1,"name":"Minute","abbrev":"MIN","description":"The T-0 is accurate to the minute."},"probability":null,"weather_concerns":null,"holdreason":"","failreason":"","hashtag":null,"launch_service_provider":{"id":88,"url":"https://lldev.thespacedevs.com/2.2.0/agencies/88/","name":"China Aerospace Science and Technology Corporation","type":"Government"},"rocket":{"id":8000,"configuration":{"id":64,"url":"https://lldev.thespacedevs.com/2.2.0/config/launcher/64/","name":"Long March 4C","family":"Long March 4","full_name":"Long March 4C","variant":"C"}},"mission":{"id":6583,"name":"Yaogan 33-04","description":"The Yaogan 33-04 is a Chinese military “remote sensing” satellite of unknown purpose.","launch_designator":null,"type":"Government/Top Secret","orbit":{"id":17,"name":"Sun-Synchronous Orbit","abbrev":"SSO"},"agencies":[],"info_urls":[],"vid_urls":[]},"pad":{"id":22,"url":"https://lldev.thespacedevs.com/2.2.0/pad/22/","agency_id":null,"name":"Launch Area 4 (SLS-2 / 603)","description":null,"info_url":null,"wiki_url":"https://en.wikipedia.org/wiki/Jiuquan_Launch_Area_4","map_url":"https://www.google.com/maps?q=40.960482,100.298059","latitude":"40.960482","longitude":"100.298059","location":{"id":17,"url":"https://lldev.thespacedevs.com/2.2.0/location/17/","name":"Jiuquan Satellite Launch Center, People's Republic of China","country_code":"CHN","description":null,"map_image":"https://spacelaunchnow-prod-east.nyc3.digitaloceanspaces.com/media/launch_images/location_17_20200803142429.jpg","timezone_name":"Asia/Shanghai","total_launch_count":207,"total_landing_count":0},"country_code":"CHN","map_image":"https://spacelaunchnow-prod-east.nyc3.digitaloceanspaces.com/media/launch_images/pad_22_20200803143437.jpg","total_launch_count":107,"orbital_launch_attempt_count":107},"webcast_live":false,"image":"https://spacelaunchnow-prod-east.nyc3.digitaloceanspaces.com/media/launch_images/long2520march_image_20230928084355.jpeg","infographic":null,"program":[],"orbital_launch_attempt_count":6514,"location_launch_attempt_count":207,"pad_launch_attempt_count":107,"agency_launch_attempt_count":437,"orbital_launch_attempt_count_year":157,"location_launch_attempt_count_year":25,"pad_launch_attempt_count_year":11,"agency_launch_attempt_count_year":31}]} <class 'str'>
[2023-10-03T12:57:43.517+0000] {python.py:183} INFO - Done. Returned value was: None
[2023-10-03T12:57:43.541+0000] {taskinstance.py:1373} INFO - Marking task as SUCCESS. dag_id=capstone_project, task_id=check_results, execution_date=20230926T000000, start_date=20231003T125742, end_date=20231003T125743
[2023-10-03T12:57:43.621+0000] {local_task_job_runner.py:232} INFO - Task exited with return code 0
[2023-10-03T12:57:43.743+0000] {taskinstance.py:2674} INFO - 1 downstream tasks scheduled from follow-on schedule check
