[2023-10-02T12:39:34.242+0000] {taskinstance.py:1125} INFO - Dependencies all met for dep_context=non-requeueable deps ti=<TaskInstance: hello_world.build_stage_1 scheduled__2023-09-24T00:00:00+00:00 [queued]>
[2023-10-02T12:39:34.700+0000] {taskinstance.py:1125} INFO - Dependencies all met for dep_context=requeueable deps ti=<TaskInstance: hello_world.build_stage_1 scheduled__2023-09-24T00:00:00+00:00 [queued]>
[2023-10-02T12:39:34.732+0000] {taskinstance.py:1331} INFO - Starting attempt 1 of 1
[2023-10-02T12:39:35.312+0000] {taskinstance.py:1350} INFO - Executing <Task(BashOperator): build_stage_1> on 2023-09-24 00:00:00+00:00
[2023-10-02T12:39:35.409+0000] {standard_task_runner.py:57} INFO - Started process 3428 to run task
[2023-10-02T12:39:35.485+0000] {standard_task_runner.py:84} INFO - Running: ['***', 'tasks', 'run', 'hello_world', 'build_stage_1', 'scheduled__2023-09-24T00:00:00+00:00', '--job-id', '10', '--raw', '--subdir', 'DAGS_FOLDER/dag_1.py', '--cfg-path', '/tmp/tmpim88_mqp']
[2023-10-02T12:39:35.486+0000] {standard_task_runner.py:85} INFO - Job 10: Subtask build_stage_1
[2023-10-02T12:39:36.320+0000] {task_command.py:410} INFO - Running <TaskInstance: hello_world.build_stage_1 scheduled__2023-09-24T00:00:00+00:00 [running]> on host 00a598f19374
[2023-10-02T12:39:38.214+0000] {taskinstance.py:1570} INFO - Exporting env vars: AIRFLOW_CTX_DAG_OWNER='***' AIRFLOW_CTX_DAG_ID='hello_world' AIRFLOW_CTX_TASK_ID='build_stage_1' AIRFLOW_CTX_EXECUTION_DATE='2023-09-24T00:00:00+00:00' AIRFLOW_CTX_TRY_NUMBER='1' AIRFLOW_CTX_DAG_RUN_ID='scheduled__2023-09-24T00:00:00+00:00'
[2023-10-02T12:39:38.279+0000] {subprocess.py:63} INFO - Tmp dir root location: 
 /tmp
[2023-10-02T12:39:38.282+0000] {subprocess.py:75} INFO - Running command: ['/bin/bash', '-c', 'echo <Task(BashOperator): build_stage_1> is running in the <DAG: hello_world> pipeline']
[2023-10-02T12:39:38.498+0000] {subprocess.py:86} INFO - Output:
[2023-10-02T12:39:38.505+0000] {subprocess.py:93} INFO - /bin/bash: -c: line 1: syntax error near unexpected token `('
[2023-10-02T12:39:38.635+0000] {subprocess.py:93} INFO - /bin/bash: -c: line 1: `echo <Task(BashOperator): build_stage_1> is running in the <DAG: hello_world> pipeline'
[2023-10-02T12:39:38.637+0000] {subprocess.py:97} INFO - Command exited with return code 2
[2023-10-02T12:39:38.788+0000] {taskinstance.py:1847} ERROR - Task failed with exception
Traceback (most recent call last):
  File "/home/airflow/.local/lib/python3.7/site-packages/airflow/operators/bash.py", line 211, in execute
    f"Bash command failed. The command returned a non-zero exit code {result.exit_code}."
airflow.exceptions.AirflowException: Bash command failed. The command returned a non-zero exit code 2.
[2023-10-02T12:39:38.844+0000] {taskinstance.py:1373} INFO - Marking task as FAILED. dag_id=hello_world, task_id=build_stage_1, execution_date=20230924T000000, start_date=20231002T123934, end_date=20231002T123938
[2023-10-02T12:39:39.068+0000] {standard_task_runner.py:109} ERROR - Failed to execute job 10 for task build_stage_1 (Bash command failed. The command returned a non-zero exit code 2.; 3428)
[2023-10-02T12:39:39.173+0000] {local_task_job_runner.py:232} INFO - Task exited with return code 1
[2023-10-02T12:39:39.508+0000] {taskinstance.py:2674} INFO - 0 downstream tasks scheduled from follow-on schedule check
