[2023-10-03T08:09:30.547+0000] {taskinstance.py:1125} INFO - Dependencies all met for dep_context=non-requeueable deps ti=<TaskInstance: capstone_project.call_http_status_space_devs_api scheduled__2023-09-23T00:00:00+00:00 [queued]>
[2023-10-03T08:09:30.776+0000] {taskinstance.py:1125} INFO - Dependencies all met for dep_context=requeueable deps ti=<TaskInstance: capstone_project.call_http_status_space_devs_api scheduled__2023-09-23T00:00:00+00:00 [queued]>
[2023-10-03T08:09:30.783+0000] {taskinstance.py:1331} INFO - Starting attempt 2 of 2
[2023-10-03T08:09:31.516+0000] {taskinstance.py:1350} INFO - Executing <Task(HttpSensor): call_http_status_space_devs_api> on 2023-09-23 00:00:00+00:00
[2023-10-03T08:09:31.608+0000] {standard_task_runner.py:57} INFO - Started process 994 to run task
[2023-10-03T08:09:31.637+0000] {standard_task_runner.py:84} INFO - Running: ['***', 'tasks', 'run', 'capstone_project', 'call_http_status_space_devs_api', 'scheduled__2023-09-23T00:00:00+00:00', '--job-id', '29', '--raw', '--subdir', 'DAGS_FOLDER/capstone_project.py', '--cfg-path', '/tmp/tmpy841c3vi']
[2023-10-03T08:09:31.647+0000] {standard_task_runner.py:85} INFO - Job 29: Subtask call_http_status_space_devs_api
[2023-10-03T08:09:32.394+0000] {task_command.py:410} INFO - Running <TaskInstance: capstone_project.call_http_status_space_devs_api scheduled__2023-09-23T00:00:00+00:00 [running]> on host 9a30478b5169
[2023-10-03T08:09:33.507+0000] {taskinstance.py:1570} INFO - Exporting env vars: AIRFLOW_CTX_DAG_OWNER='***' AIRFLOW_CTX_DAG_ID='capstone_project' AIRFLOW_CTX_TASK_ID='call_http_status_space_devs_api' AIRFLOW_CTX_EXECUTION_DATE='2023-09-23T00:00:00+00:00' AIRFLOW_CTX_TRY_NUMBER='2' AIRFLOW_CTX_DAG_RUN_ID='scheduled__2023-09-23T00:00:00+00:00'
[2023-10-03T08:09:33.511+0000] {http.py:122} INFO - Poking: 
[2023-10-03T08:09:33.546+0000] {base.py:73} INFO - Using connection ID 'thespacedevs_dev' for task execution.
[2023-10-03T08:09:34.059+0000] {base.py:255} INFO - Success criteria met. Exiting.
[2023-10-03T08:09:34.138+0000] {taskinstance.py:1373} INFO - Marking task as SUCCESS. dag_id=capstone_project, task_id=call_http_status_space_devs_api, execution_date=20230923T000000, start_date=20231003T080930, end_date=20231003T080934
[2023-10-03T08:09:34.291+0000] {local_task_job_runner.py:232} INFO - Task exited with return code 0
[2023-10-03T08:09:34.603+0000] {taskinstance.py:2674} INFO - 0 downstream tasks scheduled from follow-on schedule check
[2023-10-03T12:30:51.269+0000] {taskinstance.py:1125} INFO - Dependencies all met for dep_context=non-requeueable deps ti=<TaskInstance: capstone_project.call_http_status_space_devs_api scheduled__2023-09-23T00:00:00+00:00 [queued]>
[2023-10-03T12:30:51.309+0000] {taskinstance.py:1125} INFO - Dependencies all met for dep_context=requeueable deps ti=<TaskInstance: capstone_project.call_http_status_space_devs_api scheduled__2023-09-23T00:00:00+00:00 [queued]>
[2023-10-03T12:30:51.310+0000] {taskinstance.py:1331} INFO - Starting attempt 2 of 2
[2023-10-03T12:30:51.358+0000] {taskinstance.py:1350} INFO - Executing <Task(HttpSensor): call_http_status_space_devs_api> on 2023-09-23 00:00:00+00:00
[2023-10-03T12:30:51.468+0000] {standard_task_runner.py:57} INFO - Started process 101 to run task
[2023-10-03T12:30:51.603+0000] {standard_task_runner.py:84} INFO - Running: ['***', 'tasks', 'run', 'capstone_project', 'call_http_status_space_devs_api', 'scheduled__2023-09-23T00:00:00+00:00', '--job-id', '210', '--raw', '--subdir', 'DAGS_FOLDER/capstone_project.py', '--cfg-path', '/tmp/tmppuvaimxe']
[2023-10-03T12:30:51.605+0000] {standard_task_runner.py:85} INFO - Job 210: Subtask call_http_status_space_devs_api
[2023-10-03T12:30:51.988+0000] {task_command.py:410} INFO - Running <TaskInstance: capstone_project.call_http_status_space_devs_api scheduled__2023-09-23T00:00:00+00:00 [running]> on host 9a30478b5169
[2023-10-03T12:30:52.824+0000] {taskinstance.py:1570} INFO - Exporting env vars: AIRFLOW_CTX_DAG_OWNER='***' AIRFLOW_CTX_DAG_ID='capstone_project' AIRFLOW_CTX_TASK_ID='call_http_status_space_devs_api' AIRFLOW_CTX_EXECUTION_DATE='2023-09-23T00:00:00+00:00' AIRFLOW_CTX_TRY_NUMBER='2' AIRFLOW_CTX_DAG_RUN_ID='scheduled__2023-09-23T00:00:00+00:00'
[2023-10-03T12:30:52.831+0000] {http.py:122} INFO - Poking: 
[2023-10-03T12:30:52.954+0000] {base.py:73} INFO - Using connection ID 'thespacedevs_dev' for task execution.
[2023-10-03T12:30:54.830+0000] {base.py:255} INFO - Success criteria met. Exiting.
[2023-10-03T12:30:55.411+0000] {taskinstance.py:1373} INFO - Marking task as SUCCESS. dag_id=capstone_project, task_id=call_http_status_space_devs_api, execution_date=20230923T000000, start_date=20231003T123051, end_date=20231003T123055
[2023-10-03T12:30:55.850+0000] {local_task_job_runner.py:232} INFO - Task exited with return code 0
[2023-10-03T12:30:56.082+0000] {taskinstance.py:2674} INFO - 0 downstream tasks scheduled from follow-on schedule check
