[2023-10-03T08:09:30.657+0000] {taskinstance.py:1125} INFO - Dependencies all met for dep_context=non-requeueable deps ti=<TaskInstance: capstone_project.call_http_status_space_devs_api scheduled__2023-09-24T00:00:00+00:00 [queued]>
[2023-10-03T08:09:30.912+0000] {taskinstance.py:1125} INFO - Dependencies all met for dep_context=requeueable deps ti=<TaskInstance: capstone_project.call_http_status_space_devs_api scheduled__2023-09-24T00:00:00+00:00 [queued]>
[2023-10-03T08:09:30.926+0000] {taskinstance.py:1331} INFO - Starting attempt 2 of 2
[2023-10-03T08:09:31.529+0000] {taskinstance.py:1350} INFO - Executing <Task(HttpSensor): call_http_status_space_devs_api> on 2023-09-24 00:00:00+00:00
[2023-10-03T08:09:31.592+0000] {standard_task_runner.py:57} INFO - Started process 991 to run task
[2023-10-03T08:09:31.667+0000] {standard_task_runner.py:84} INFO - Running: ['***', 'tasks', 'run', 'capstone_project', 'call_http_status_space_devs_api', 'scheduled__2023-09-24T00:00:00+00:00', '--job-id', '33', '--raw', '--subdir', 'DAGS_FOLDER/capstone_project.py', '--cfg-path', '/tmp/tmpckzo_xys']
[2023-10-03T08:09:31.667+0000] {standard_task_runner.py:85} INFO - Job 33: Subtask call_http_status_space_devs_api
[2023-10-03T08:09:32.379+0000] {task_command.py:410} INFO - Running <TaskInstance: capstone_project.call_http_status_space_devs_api scheduled__2023-09-24T00:00:00+00:00 [running]> on host 9a30478b5169
[2023-10-03T08:09:33.178+0000] {taskinstance.py:1570} INFO - Exporting env vars: AIRFLOW_CTX_DAG_OWNER='***' AIRFLOW_CTX_DAG_ID='capstone_project' AIRFLOW_CTX_TASK_ID='call_http_status_space_devs_api' AIRFLOW_CTX_EXECUTION_DATE='2023-09-24T00:00:00+00:00' AIRFLOW_CTX_TRY_NUMBER='2' AIRFLOW_CTX_DAG_RUN_ID='scheduled__2023-09-24T00:00:00+00:00'
[2023-10-03T08:09:33.179+0000] {http.py:122} INFO - Poking: 
[2023-10-03T08:09:33.317+0000] {base.py:73} INFO - Using connection ID 'thespacedevs_dev' for task execution.
[2023-10-03T08:09:34.073+0000] {base.py:255} INFO - Success criteria met. Exiting.
[2023-10-03T08:09:34.157+0000] {taskinstance.py:1373} INFO - Marking task as SUCCESS. dag_id=capstone_project, task_id=call_http_status_space_devs_api, execution_date=20230924T000000, start_date=20231003T080930, end_date=20231003T080934
[2023-10-03T08:09:34.454+0000] {local_task_job_runner.py:232} INFO - Task exited with return code 0
[2023-10-03T08:09:34.629+0000] {taskinstance.py:2674} INFO - 0 downstream tasks scheduled from follow-on schedule check
[2023-10-03T12:30:51.181+0000] {taskinstance.py:1125} INFO - Dependencies all met for dep_context=non-requeueable deps ti=<TaskInstance: capstone_project.call_http_status_space_devs_api scheduled__2023-09-24T00:00:00+00:00 [queued]>
[2023-10-03T12:30:51.377+0000] {taskinstance.py:1125} INFO - Dependencies all met for dep_context=requeueable deps ti=<TaskInstance: capstone_project.call_http_status_space_devs_api scheduled__2023-09-24T00:00:00+00:00 [queued]>
[2023-10-03T12:30:51.380+0000] {taskinstance.py:1331} INFO - Starting attempt 2 of 2
[2023-10-03T12:30:51.599+0000] {taskinstance.py:1350} INFO - Executing <Task(HttpSensor): call_http_status_space_devs_api> on 2023-09-24 00:00:00+00:00
[2023-10-03T12:30:51.621+0000] {standard_task_runner.py:57} INFO - Started process 103 to run task
[2023-10-03T12:30:51.690+0000] {standard_task_runner.py:84} INFO - Running: ['***', 'tasks', 'run', 'capstone_project', 'call_http_status_space_devs_api', 'scheduled__2023-09-24T00:00:00+00:00', '--job-id', '207', '--raw', '--subdir', 'DAGS_FOLDER/capstone_project.py', '--cfg-path', '/tmp/tmpn0_5atrv']
[2023-10-03T12:30:51.707+0000] {standard_task_runner.py:85} INFO - Job 207: Subtask call_http_status_space_devs_api
[2023-10-03T12:30:52.101+0000] {task_command.py:410} INFO - Running <TaskInstance: capstone_project.call_http_status_space_devs_api scheduled__2023-09-24T00:00:00+00:00 [running]> on host 9a30478b5169
[2023-10-03T12:30:52.997+0000] {taskinstance.py:1570} INFO - Exporting env vars: AIRFLOW_CTX_DAG_OWNER='***' AIRFLOW_CTX_DAG_ID='capstone_project' AIRFLOW_CTX_TASK_ID='call_http_status_space_devs_api' AIRFLOW_CTX_EXECUTION_DATE='2023-09-24T00:00:00+00:00' AIRFLOW_CTX_TRY_NUMBER='2' AIRFLOW_CTX_DAG_RUN_ID='scheduled__2023-09-24T00:00:00+00:00'
[2023-10-03T12:30:52.999+0000] {http.py:122} INFO - Poking: 
[2023-10-03T12:30:53.054+0000] {base.py:73} INFO - Using connection ID 'thespacedevs_dev' for task execution.
[2023-10-03T12:30:55.014+0000] {base.py:255} INFO - Success criteria met. Exiting.
[2023-10-03T12:30:55.451+0000] {taskinstance.py:1373} INFO - Marking task as SUCCESS. dag_id=capstone_project, task_id=call_http_status_space_devs_api, execution_date=20230924T000000, start_date=20231003T123051, end_date=20231003T123055
[2023-10-03T12:30:55.903+0000] {local_task_job_runner.py:232} INFO - Task exited with return code 0
[2023-10-03T12:30:56.113+0000] {taskinstance.py:2674} INFO - 0 downstream tasks scheduled from follow-on schedule check
[2023-10-03T12:51:29.755+0000] {taskinstance.py:1125} INFO - Dependencies all met for dep_context=non-requeueable deps ti=<TaskInstance: capstone_project.call_http_status_space_devs_api scheduled__2023-09-24T00:00:00+00:00 [queued]>
[2023-10-03T12:51:29.950+0000] {taskinstance.py:1125} INFO - Dependencies all met for dep_context=requeueable deps ti=<TaskInstance: capstone_project.call_http_status_space_devs_api scheduled__2023-09-24T00:00:00+00:00 [queued]>
[2023-10-03T12:51:29.956+0000] {taskinstance.py:1331} INFO - Starting attempt 2 of 2
[2023-10-03T12:51:30.141+0000] {taskinstance.py:1350} INFO - Executing <Task(HttpSensor): call_http_status_space_devs_api> on 2023-09-24 00:00:00+00:00
[2023-10-03T12:51:30.236+0000] {standard_task_runner.py:57} INFO - Started process 414 to run task
[2023-10-03T12:51:30.282+0000] {standard_task_runner.py:84} INFO - Running: ['***', 'tasks', 'run', 'capstone_project', 'call_http_status_space_devs_api', 'scheduled__2023-09-24T00:00:00+00:00', '--job-id', '276', '--raw', '--subdir', 'DAGS_FOLDER/capstone_project.py', '--cfg-path', '/tmp/tmpk6aw9e1a']
[2023-10-03T12:51:30.326+0000] {standard_task_runner.py:85} INFO - Job 276: Subtask call_http_status_space_devs_api
[2023-10-03T12:51:31.623+0000] {task_command.py:410} INFO - Running <TaskInstance: capstone_project.call_http_status_space_devs_api scheduled__2023-09-24T00:00:00+00:00 [running]> on host 9a30478b5169
[2023-10-03T12:51:34.189+0000] {taskinstance.py:1570} INFO - Exporting env vars: AIRFLOW_CTX_DAG_OWNER='***' AIRFLOW_CTX_DAG_ID='capstone_project' AIRFLOW_CTX_TASK_ID='call_http_status_space_devs_api' AIRFLOW_CTX_EXECUTION_DATE='2023-09-24T00:00:00+00:00' AIRFLOW_CTX_TRY_NUMBER='2' AIRFLOW_CTX_DAG_RUN_ID='scheduled__2023-09-24T00:00:00+00:00'
[2023-10-03T12:51:34.250+0000] {http.py:122} INFO - Poking: 
[2023-10-03T12:51:34.491+0000] {base.py:73} INFO - Using connection ID 'thespacedevs_dev' for task execution.
[2023-10-03T12:51:37.095+0000] {base.py:255} INFO - Success criteria met. Exiting.
[2023-10-03T12:51:37.156+0000] {taskinstance.py:1373} INFO - Marking task as SUCCESS. dag_id=capstone_project, task_id=call_http_status_space_devs_api, execution_date=20230924T000000, start_date=20231003T125129, end_date=20231003T125137
[2023-10-03T12:51:37.446+0000] {local_task_job_runner.py:232} INFO - Task exited with return code 0
[2023-10-03T12:51:37.676+0000] {taskinstance.py:2674} INFO - 0 downstream tasks scheduled from follow-on schedule check
