[2023-10-03T09:05:41.514+0000] {taskinstance.py:1125} INFO - Dependencies all met for dep_context=non-requeueable deps ti=<TaskInstance: capstone_project.call_space_devs_api scheduled__2023-10-02T00:00:00+00:00 [queued]>
[2023-10-03T09:05:41.529+0000] {taskinstance.py:1125} INFO - Dependencies all met for dep_context=requeueable deps ti=<TaskInstance: capstone_project.call_space_devs_api scheduled__2023-10-02T00:00:00+00:00 [queued]>
[2023-10-03T09:05:41.529+0000] {taskinstance.py:1331} INFO - Starting attempt 1 of 1
[2023-10-03T09:05:41.550+0000] {taskinstance.py:1350} INFO - Executing <Task(SimpleHttpOperator): call_space_devs_api> on 2023-10-02 00:00:00+00:00
[2023-10-03T09:05:41.555+0000] {standard_task_runner.py:57} INFO - Started process 509 to run task
[2023-10-03T09:05:41.558+0000] {standard_task_runner.py:84} INFO - Running: ['***', 'tasks', 'run', 'capstone_project', 'call_space_devs_api', 'scheduled__2023-10-02T00:00:00+00:00', '--job-id', '82', '--raw', '--subdir', 'DAGS_FOLDER/capstone_project.py', '--cfg-path', '/tmp/tmprqk7o98j']
[2023-10-03T09:05:41.558+0000] {standard_task_runner.py:85} INFO - Job 82: Subtask call_space_devs_api
[2023-10-03T09:05:41.601+0000] {task_command.py:410} INFO - Running <TaskInstance: capstone_project.call_space_devs_api scheduled__2023-10-02T00:00:00+00:00 [running]> on host 9a30478b5169
[2023-10-03T09:05:41.642+0000] {warnings.py:110} WARNING - /home/***/.local/lib/python3.7/site-packages/***/utils/context.py:205: AirflowContextDeprecationWarning: Accessing 'next_ds' from the template is deprecated and will be removed in a future version. Please use '{{ data_interval_end | ds }}' instead.
  warnings.warn(_create_deprecation_warning(key, self._deprecation_replacements[key]))

[2023-10-03T09:05:41.682+0000] {taskinstance.py:1570} INFO - Exporting env vars: AIRFLOW_CTX_DAG_OWNER='***' AIRFLOW_CTX_DAG_ID='capstone_project' AIRFLOW_CTX_TASK_ID='call_space_devs_api' AIRFLOW_CTX_EXECUTION_DATE='2023-10-02T00:00:00+00:00' AIRFLOW_CTX_TRY_NUMBER='1' AIRFLOW_CTX_DAG_RUN_ID='scheduled__2023-10-02T00:00:00+00:00'
[2023-10-03T09:05:41.682+0000] {http.py:123} INFO - Calling HTTP method
[2023-10-03T09:05:41.689+0000] {base.py:73} INFO - Using connection ID 'thespacedevs_dev' for task execution.
[2023-10-03T09:05:42.369+0000] {http.py:127} INFO - {"count":0,"next":null,"previous":null,"results":[]}
[2023-10-03T09:05:42.401+0000] {taskinstance.py:1373} INFO - Marking task as SUCCESS. dag_id=capstone_project, task_id=call_space_devs_api, execution_date=20231002T000000, start_date=20231003T090541, end_date=20231003T090542
[2023-10-03T09:05:42.453+0000] {local_task_job_runner.py:232} INFO - Task exited with return code 0
[2023-10-03T09:05:42.468+0000] {taskinstance.py:2674} INFO - 0 downstream tasks scheduled from follow-on schedule check
[2023-10-03T09:06:27.208+0000] {taskinstance.py:1125} INFO - Dependencies all met for dep_context=non-requeueable deps ti=<TaskInstance: capstone_project.call_space_devs_api scheduled__2023-10-02T00:00:00+00:00 [queued]>
[2023-10-03T09:06:27.224+0000] {taskinstance.py:1125} INFO - Dependencies all met for dep_context=requeueable deps ti=<TaskInstance: capstone_project.call_space_devs_api scheduled__2023-10-02T00:00:00+00:00 [queued]>
[2023-10-03T09:06:27.225+0000] {taskinstance.py:1331} INFO - Starting attempt 1 of 1
[2023-10-03T09:06:27.257+0000] {taskinstance.py:1350} INFO - Executing <Task(SimpleHttpOperator): call_space_devs_api> on 2023-10-02 00:00:00+00:00
[2023-10-03T09:06:27.269+0000] {standard_task_runner.py:57} INFO - Started process 554 to run task
[2023-10-03T09:06:27.274+0000] {standard_task_runner.py:84} INFO - Running: ['***', 'tasks', 'run', 'capstone_project', 'call_space_devs_api', 'scheduled__2023-10-02T00:00:00+00:00', '--job-id', '99', '--raw', '--subdir', 'DAGS_FOLDER/capstone_project.py', '--cfg-path', '/tmp/tmpn3ahveef']
[2023-10-03T09:06:27.275+0000] {standard_task_runner.py:85} INFO - Job 99: Subtask call_space_devs_api
[2023-10-03T09:06:27.702+0000] {task_command.py:410} INFO - Running <TaskInstance: capstone_project.call_space_devs_api scheduled__2023-10-02T00:00:00+00:00 [running]> on host 9a30478b5169
[2023-10-03T09:06:27.910+0000] {warnings.py:110} WARNING - /home/***/.local/lib/python3.7/site-packages/***/utils/context.py:205: AirflowContextDeprecationWarning: Accessing 'next_ds' from the template is deprecated and will be removed in a future version. Please use '{{ data_interval_end | ds }}' instead.
  warnings.warn(_create_deprecation_warning(key, self._deprecation_replacements[key]))

[2023-10-03T09:06:28.141+0000] {taskinstance.py:1570} INFO - Exporting env vars: AIRFLOW_CTX_DAG_OWNER='***' AIRFLOW_CTX_DAG_ID='capstone_project' AIRFLOW_CTX_TASK_ID='call_space_devs_api' AIRFLOW_CTX_EXECUTION_DATE='2023-10-02T00:00:00+00:00' AIRFLOW_CTX_TRY_NUMBER='1' AIRFLOW_CTX_DAG_RUN_ID='scheduled__2023-10-02T00:00:00+00:00'
[2023-10-03T09:06:28.143+0000] {http.py:123} INFO - Calling HTTP method
[2023-10-03T09:06:28.177+0000] {base.py:73} INFO - Using connection ID 'thespacedevs_dev' for task execution.
[2023-10-03T09:06:28.784+0000] {http.py:127} INFO - {"count":0,"next":null,"previous":null,"results":[]}
[2023-10-03T09:06:29.039+0000] {taskinstance.py:1373} INFO - Marking task as SUCCESS. dag_id=capstone_project, task_id=call_space_devs_api, execution_date=20231002T000000, start_date=20231003T090627, end_date=20231003T090629
[2023-10-03T09:06:29.183+0000] {local_task_job_runner.py:232} INFO - Task exited with return code 0
[2023-10-03T09:06:29.208+0000] {taskinstance.py:2674} INFO - 0 downstream tasks scheduled from follow-on schedule check
[2023-10-03T09:40:10.939+0000] {taskinstance.py:1125} INFO - Dependencies all met for dep_context=non-requeueable deps ti=<TaskInstance: capstone_project.call_space_devs_api scheduled__2023-10-02T00:00:00+00:00 [queued]>
[2023-10-03T09:40:11.054+0000] {taskinstance.py:1125} INFO - Dependencies all met for dep_context=requeueable deps ti=<TaskInstance: capstone_project.call_space_devs_api scheduled__2023-10-02T00:00:00+00:00 [queued]>
[2023-10-03T09:40:11.065+0000] {taskinstance.py:1331} INFO - Starting attempt 1 of 1
[2023-10-03T09:40:11.202+0000] {taskinstance.py:1350} INFO - Executing <Task(SimpleHttpOperator): call_space_devs_api> on 2023-10-02 00:00:00+00:00
[2023-10-03T09:40:11.240+0000] {standard_task_runner.py:57} INFO - Started process 1180 to run task
[2023-10-03T09:40:11.266+0000] {standard_task_runner.py:84} INFO - Running: ['***', 'tasks', 'run', 'capstone_project', 'call_space_devs_api', 'scheduled__2023-10-02T00:00:00+00:00', '--job-id', '117', '--raw', '--subdir', 'DAGS_FOLDER/capstone_project.py', '--cfg-path', '/tmp/tmp74fa4a0y']
[2023-10-03T09:40:11.278+0000] {standard_task_runner.py:85} INFO - Job 117: Subtask call_space_devs_api
[2023-10-03T09:40:11.834+0000] {task_command.py:410} INFO - Running <TaskInstance: capstone_project.call_space_devs_api scheduled__2023-10-02T00:00:00+00:00 [running]> on host 9a30478b5169
[2023-10-03T09:40:12.230+0000] {warnings.py:110} WARNING - /home/***/.local/lib/python3.7/site-packages/***/utils/context.py:205: AirflowContextDeprecationWarning: Accessing 'next_ds' from the template is deprecated and will be removed in a future version. Please use '{{ data_interval_end | ds }}' instead.
  warnings.warn(_create_deprecation_warning(key, self._deprecation_replacements[key]))

[2023-10-03T09:40:12.602+0000] {taskinstance.py:1570} INFO - Exporting env vars: AIRFLOW_CTX_DAG_OWNER='***' AIRFLOW_CTX_DAG_ID='capstone_project' AIRFLOW_CTX_TASK_ID='call_space_devs_api' AIRFLOW_CTX_EXECUTION_DATE='2023-10-02T00:00:00+00:00' AIRFLOW_CTX_TRY_NUMBER='1' AIRFLOW_CTX_DAG_RUN_ID='scheduled__2023-10-02T00:00:00+00:00'
[2023-10-03T09:40:12.602+0000] {http.py:123} INFO - Calling HTTP method
[2023-10-03T09:40:12.650+0000] {base.py:73} INFO - Using connection ID 'thespacedevs_dev' for task execution.
[2023-10-03T09:40:13.571+0000] {http.py:127} INFO - {"count":0,"next":null,"previous":null,"results":[]}
[2023-10-03T09:40:13.655+0000] {taskinstance.py:1373} INFO - Marking task as SUCCESS. dag_id=capstone_project, task_id=call_space_devs_api, execution_date=20231002T000000, start_date=20231003T094010, end_date=20231003T094013
[2023-10-03T09:40:13.710+0000] {local_task_job_runner.py:232} INFO - Task exited with return code 0
[2023-10-03T09:40:13.762+0000] {taskinstance.py:2674} INFO - 1 downstream tasks scheduled from follow-on schedule check
