[2023-10-02T12:43:39.844+0000] {taskinstance.py:1125} INFO - Dependencies all met for dep_context=non-requeueable deps ti=<TaskInstance: hello_world.build_stage_1 manual__2023-10-02T12:43:37.269265+00:00 [queued]>
[2023-10-02T12:43:39.859+0000] {taskinstance.py:1125} INFO - Dependencies all met for dep_context=requeueable deps ti=<TaskInstance: hello_world.build_stage_1 manual__2023-10-02T12:43:37.269265+00:00 [queued]>
[2023-10-02T12:43:39.860+0000] {taskinstance.py:1331} INFO - Starting attempt 1 of 1
[2023-10-02T12:43:39.882+0000] {taskinstance.py:1350} INFO - Executing <Task(BashOperator): build_stage_1> on 2023-10-02 12:43:37.269265+00:00
[2023-10-02T12:43:39.887+0000] {standard_task_runner.py:57} INFO - Started process 3520 to run task
[2023-10-02T12:43:39.891+0000] {standard_task_runner.py:84} INFO - Running: ['***', 'tasks', 'run', 'hello_world', 'build_stage_1', 'manual__2023-10-02T12:43:37.269265+00:00', '--job-id', '18', '--raw', '--subdir', 'DAGS_FOLDER/dag_1.py', '--cfg-path', '/tmp/tmpobkzjj_n']
[2023-10-02T12:43:39.892+0000] {standard_task_runner.py:85} INFO - Job 18: Subtask build_stage_1
[2023-10-02T12:43:39.951+0000] {task_command.py:410} INFO - Running <TaskInstance: hello_world.build_stage_1 manual__2023-10-02T12:43:37.269265+00:00 [running]> on host 00a598f19374
[2023-10-02T12:43:40.009+0000] {warnings.py:110} WARNING - /home/***/.local/lib/python3.7/site-packages/***/utils/context.py:205: AirflowContextDeprecationWarning: Accessing 'execution_date' from the template is deprecated and will be removed in a future version. Please use 'data_interval_start' or 'logical_date' instead.
  warnings.warn(_create_deprecation_warning(key, self._deprecation_replacements[key]))

[2023-10-02T12:43:40.070+0000] {taskinstance.py:1570} INFO - Exporting env vars: AIRFLOW_CTX_DAG_OWNER='***' AIRFLOW_CTX_DAG_ID='hello_world' AIRFLOW_CTX_TASK_ID='build_stage_1' AIRFLOW_CTX_EXECUTION_DATE='2023-10-02T12:43:37.269265+00:00' AIRFLOW_CTX_TRY_NUMBER='1' AIRFLOW_CTX_DAG_RUN_ID='manual__2023-10-02T12:43:37.269265+00:00'
[2023-10-02T12:43:40.071+0000] {subprocess.py:63} INFO - Tmp dir root location: 
 /tmp
[2023-10-02T12:43:40.074+0000] {subprocess.py:75} INFO - Running command: ['/bin/bash', '-c', 'echo 2023-10-02T12:43:37.269265+00:00']
[2023-10-02T12:43:40.099+0000] {subprocess.py:86} INFO - Output:
[2023-10-02T12:43:40.159+0000] {subprocess.py:93} INFO - 2023-10-02T12:43:37.269265+00:00
[2023-10-02T12:43:40.159+0000] {subprocess.py:97} INFO - Command exited with return code 0
[2023-10-02T12:43:40.205+0000] {taskinstance.py:1373} INFO - Marking task as SUCCESS. dag_id=hello_world, task_id=build_stage_1, execution_date=20231002T124337, start_date=20231002T124339, end_date=20231002T124340
[2023-10-02T12:43:40.266+0000] {local_task_job_runner.py:232} INFO - Task exited with return code 0
[2023-10-02T12:43:40.283+0000] {taskinstance.py:2674} INFO - 0 downstream tasks scheduled from follow-on schedule check
