[2023-10-03T12:38:05.997+0000] {taskinstance.py:1125} INFO - Dependencies all met for dep_context=non-requeueable deps ti=<TaskInstance: capstone_project.create_dataset scheduled__2023-09-25T00:00:00+00:00 [queued]>
[2023-10-03T12:38:06.066+0000] {taskinstance.py:1125} INFO - Dependencies all met for dep_context=requeueable deps ti=<TaskInstance: capstone_project.create_dataset scheduled__2023-09-25T00:00:00+00:00 [queued]>
[2023-10-03T12:38:06.069+0000] {taskinstance.py:1331} INFO - Starting attempt 1 of 1
[2023-10-03T12:38:06.335+0000] {taskinstance.py:1350} INFO - Executing <Task(BigQueryCreateEmptyDatasetOperator): create_dataset> on 2023-09-25 00:00:00+00:00
[2023-10-03T12:38:06.368+0000] {standard_task_runner.py:57} INFO - Started process 133 to run task
[2023-10-03T12:38:06.461+0000] {standard_task_runner.py:84} INFO - Running: ['***', 'tasks', 'run', 'capstone_project', 'create_dataset', 'scheduled__2023-09-25T00:00:00+00:00', '--job-id', '255', '--raw', '--subdir', 'DAGS_FOLDER/capstone_project.py', '--cfg-path', '/tmp/tmpdtivg3dm']
[2023-10-03T12:38:06.502+0000] {standard_task_runner.py:85} INFO - Job 255: Subtask create_dataset
[2023-10-03T12:38:06.858+0000] {task_command.py:410} INFO - Running <TaskInstance: capstone_project.create_dataset scheduled__2023-09-25T00:00:00+00:00 [running]> on host 9a30478b5169
[2023-10-03T12:38:07.331+0000] {taskinstance.py:1570} INFO - Exporting env vars: AIRFLOW_CTX_DAG_OWNER='***' AIRFLOW_CTX_DAG_ID='capstone_project' AIRFLOW_CTX_TASK_ID='create_dataset' AIRFLOW_CTX_EXECUTION_DATE='2023-09-25T00:00:00+00:00' AIRFLOW_CTX_TRY_NUMBER='1' AIRFLOW_CTX_DAG_RUN_ID='scheduled__2023-09-25T00:00:00+00:00'
[2023-10-03T12:38:07.388+0000] {base.py:73} INFO - Using connection ID 'google_cloud_conn' for task execution.
[2023-10-03T12:38:07.865+0000] {bigquery.py:455} INFO - datasetId was not specified in `dataset_reference`. Will use default value maurits_dataset.
[2023-10-03T12:38:07.873+0000] {bigquery.py:455} INFO - projectId was not specified in `dataset_reference`. Will use default value aflow-training-rabo-2023-10-02.
[2023-10-03T12:38:07.878+0000] {bigquery.py:465} INFO - Creating dataset: maurits_dataset in project: aflow-training-rabo-2023-10-02 
[2023-10-03T12:38:09.100+0000] {bigquery.py:1855} INFO - Dataset maurits_dataset already exists.
[2023-10-03T12:38:09.127+0000] {taskinstance.py:1373} INFO - Marking task as SUCCESS. dag_id=capstone_project, task_id=create_dataset, execution_date=20230925T000000, start_date=20231003T123806, end_date=20231003T123809
[2023-10-03T12:38:09.172+0000] {local_task_job_runner.py:232} INFO - Task exited with return code 0
[2023-10-03T12:38:09.219+0000] {taskinstance.py:2674} INFO - 0 downstream tasks scheduled from follow-on schedule check
[2023-10-03T12:57:52.348+0000] {taskinstance.py:1125} INFO - Dependencies all met for dep_context=non-requeueable deps ti=<TaskInstance: capstone_project.create_dataset scheduled__2023-09-25T00:00:00+00:00 [queued]>
[2023-10-03T12:57:52.371+0000] {taskinstance.py:1125} INFO - Dependencies all met for dep_context=requeueable deps ti=<TaskInstance: capstone_project.create_dataset scheduled__2023-09-25T00:00:00+00:00 [queued]>
[2023-10-03T12:57:52.371+0000] {taskinstance.py:1331} INFO - Starting attempt 1 of 1
[2023-10-03T12:57:52.413+0000] {taskinstance.py:1350} INFO - Executing <Task(BigQueryCreateEmptyDatasetOperator): create_dataset> on 2023-09-25 00:00:00+00:00
[2023-10-03T12:57:52.431+0000] {standard_task_runner.py:57} INFO - Started process 222 to run task
[2023-10-03T12:57:52.453+0000] {standard_task_runner.py:84} INFO - Running: ['***', 'tasks', 'run', 'capstone_project', 'create_dataset', 'scheduled__2023-09-25T00:00:00+00:00', '--job-id', '324', '--raw', '--subdir', 'DAGS_FOLDER/capstone_project.py', '--cfg-path', '/tmp/tmphvi7_oqd']
[2023-10-03T12:57:52.461+0000] {standard_task_runner.py:85} INFO - Job 324: Subtask create_dataset
[2023-10-03T12:57:52.623+0000] {task_command.py:410} INFO - Running <TaskInstance: capstone_project.create_dataset scheduled__2023-09-25T00:00:00+00:00 [running]> on host 9a30478b5169
[2023-10-03T12:57:52.998+0000] {taskinstance.py:1570} INFO - Exporting env vars: AIRFLOW_CTX_DAG_OWNER='***' AIRFLOW_CTX_DAG_ID='capstone_project' AIRFLOW_CTX_TASK_ID='create_dataset' AIRFLOW_CTX_EXECUTION_DATE='2023-09-25T00:00:00+00:00' AIRFLOW_CTX_TRY_NUMBER='1' AIRFLOW_CTX_DAG_RUN_ID='scheduled__2023-09-25T00:00:00+00:00'
[2023-10-03T12:57:53.034+0000] {base.py:73} INFO - Using connection ID 'google_cloud_conn' for task execution.
[2023-10-03T12:57:53.284+0000] {bigquery.py:455} INFO - datasetId was not specified in `dataset_reference`. Will use default value maurits_dataset.
[2023-10-03T12:57:53.290+0000] {bigquery.py:455} INFO - projectId was not specified in `dataset_reference`. Will use default value aflow-training-rabo-2023-10-02.
[2023-10-03T12:57:53.291+0000] {bigquery.py:465} INFO - Creating dataset: maurits_dataset in project: aflow-training-rabo-2023-10-02 
[2023-10-03T12:57:53.672+0000] {bigquery.py:1855} INFO - Dataset maurits_dataset already exists.
[2023-10-03T12:57:53.722+0000] {taskinstance.py:1373} INFO - Marking task as SUCCESS. dag_id=capstone_project, task_id=create_dataset, execution_date=20230925T000000, start_date=20231003T125752, end_date=20231003T125753
[2023-10-03T12:57:53.906+0000] {local_task_job_runner.py:232} INFO - Task exited with return code 0
[2023-10-03T12:57:54.062+0000] {taskinstance.py:2674} INFO - 1 downstream tasks scheduled from follow-on schedule check
