[2023-10-03T12:38:07.055+0000] {taskinstance.py:1125} INFO - Dependencies all met for dep_context=non-requeueable deps ti=<TaskInstance: capstone_project.create_dataset scheduled__2023-09-26T00:00:00+00:00 [queued]>
[2023-10-03T12:38:07.125+0000] {taskinstance.py:1125} INFO - Dependencies all met for dep_context=requeueable deps ti=<TaskInstance: capstone_project.create_dataset scheduled__2023-09-26T00:00:00+00:00 [queued]>
[2023-10-03T12:38:07.129+0000] {taskinstance.py:1331} INFO - Starting attempt 1 of 1
[2023-10-03T12:38:07.241+0000] {taskinstance.py:1350} INFO - Executing <Task(BigQueryCreateEmptyDatasetOperator): create_dataset> on 2023-09-26 00:00:00+00:00
[2023-10-03T12:38:07.288+0000] {standard_task_runner.py:57} INFO - Started process 138 to run task
[2023-10-03T12:38:07.339+0000] {standard_task_runner.py:84} INFO - Running: ['***', 'tasks', 'run', 'capstone_project', 'create_dataset', 'scheduled__2023-09-26T00:00:00+00:00', '--job-id', '260', '--raw', '--subdir', 'DAGS_FOLDER/capstone_project.py', '--cfg-path', '/tmp/tmp2zo_86qy']
[2023-10-03T12:38:07.366+0000] {standard_task_runner.py:85} INFO - Job 260: Subtask create_dataset
[2023-10-03T12:38:07.661+0000] {task_command.py:410} INFO - Running <TaskInstance: capstone_project.create_dataset scheduled__2023-09-26T00:00:00+00:00 [running]> on host 9a30478b5169
[2023-10-03T12:38:08.034+0000] {taskinstance.py:1570} INFO - Exporting env vars: AIRFLOW_CTX_DAG_OWNER='***' AIRFLOW_CTX_DAG_ID='capstone_project' AIRFLOW_CTX_TASK_ID='create_dataset' AIRFLOW_CTX_EXECUTION_DATE='2023-09-26T00:00:00+00:00' AIRFLOW_CTX_TRY_NUMBER='1' AIRFLOW_CTX_DAG_RUN_ID='scheduled__2023-09-26T00:00:00+00:00'
[2023-10-03T12:38:08.052+0000] {base.py:73} INFO - Using connection ID 'google_cloud_conn' for task execution.
[2023-10-03T12:38:08.129+0000] {bigquery.py:455} INFO - datasetId was not specified in `dataset_reference`. Will use default value maurits_dataset.
[2023-10-03T12:38:08.129+0000] {bigquery.py:455} INFO - projectId was not specified in `dataset_reference`. Will use default value aflow-training-rabo-2023-10-02.
[2023-10-03T12:38:08.130+0000] {bigquery.py:465} INFO - Creating dataset: maurits_dataset in project: aflow-training-rabo-2023-10-02 
[2023-10-03T12:38:09.056+0000] {bigquery.py:1855} INFO - Dataset maurits_dataset already exists.
[2023-10-03T12:38:09.088+0000] {taskinstance.py:1373} INFO - Marking task as SUCCESS. dag_id=capstone_project, task_id=create_dataset, execution_date=20230926T000000, start_date=20231003T123807, end_date=20231003T123809
[2023-10-03T12:38:09.168+0000] {local_task_job_runner.py:232} INFO - Task exited with return code 0
[2023-10-03T12:38:09.200+0000] {taskinstance.py:2674} INFO - 0 downstream tasks scheduled from follow-on schedule check
[2023-10-03T12:57:50.591+0000] {taskinstance.py:1125} INFO - Dependencies all met for dep_context=non-requeueable deps ti=<TaskInstance: capstone_project.create_dataset scheduled__2023-09-26T00:00:00+00:00 [queued]>
[2023-10-03T12:57:50.646+0000] {taskinstance.py:1125} INFO - Dependencies all met for dep_context=requeueable deps ti=<TaskInstance: capstone_project.create_dataset scheduled__2023-09-26T00:00:00+00:00 [queued]>
[2023-10-03T12:57:50.658+0000] {taskinstance.py:1331} INFO - Starting attempt 1 of 1
[2023-10-03T12:57:50.750+0000] {taskinstance.py:1350} INFO - Executing <Task(BigQueryCreateEmptyDatasetOperator): create_dataset> on 2023-09-26 00:00:00+00:00
[2023-10-03T12:57:50.780+0000] {standard_task_runner.py:57} INFO - Started process 218 to run task
[2023-10-03T12:57:50.799+0000] {standard_task_runner.py:84} INFO - Running: ['***', 'tasks', 'run', 'capstone_project', 'create_dataset', 'scheduled__2023-09-26T00:00:00+00:00', '--job-id', '322', '--raw', '--subdir', 'DAGS_FOLDER/capstone_project.py', '--cfg-path', '/tmp/tmp8ozrynjp']
[2023-10-03T12:57:50.800+0000] {standard_task_runner.py:85} INFO - Job 322: Subtask create_dataset
[2023-10-03T12:57:50.997+0000] {task_command.py:410} INFO - Running <TaskInstance: capstone_project.create_dataset scheduled__2023-09-26T00:00:00+00:00 [running]> on host 9a30478b5169
[2023-10-03T12:57:51.636+0000] {taskinstance.py:1570} INFO - Exporting env vars: AIRFLOW_CTX_DAG_OWNER='***' AIRFLOW_CTX_DAG_ID='capstone_project' AIRFLOW_CTX_TASK_ID='create_dataset' AIRFLOW_CTX_EXECUTION_DATE='2023-09-26T00:00:00+00:00' AIRFLOW_CTX_TRY_NUMBER='1' AIRFLOW_CTX_DAG_RUN_ID='scheduled__2023-09-26T00:00:00+00:00'
[2023-10-03T12:57:51.698+0000] {base.py:73} INFO - Using connection ID 'google_cloud_conn' for task execution.
[2023-10-03T12:57:51.956+0000] {bigquery.py:455} INFO - datasetId was not specified in `dataset_reference`. Will use default value maurits_dataset.
[2023-10-03T12:57:51.969+0000] {bigquery.py:455} INFO - projectId was not specified in `dataset_reference`. Will use default value aflow-training-rabo-2023-10-02.
[2023-10-03T12:57:51.969+0000] {bigquery.py:465} INFO - Creating dataset: maurits_dataset in project: aflow-training-rabo-2023-10-02 
[2023-10-03T12:57:52.332+0000] {bigquery.py:1855} INFO - Dataset maurits_dataset already exists.
[2023-10-03T12:57:52.349+0000] {taskinstance.py:1373} INFO - Marking task as SUCCESS. dag_id=capstone_project, task_id=create_dataset, execution_date=20230926T000000, start_date=20231003T125750, end_date=20231003T125752
[2023-10-03T12:57:52.450+0000] {local_task_job_runner.py:232} INFO - Task exited with return code 0
[2023-10-03T12:57:52.544+0000] {taskinstance.py:2674} INFO - 1 downstream tasks scheduled from follow-on schedule check
