[2023-10-03T09:06:27.353+0000] {taskinstance.py:1125} INFO - Dependencies all met for dep_context=non-requeueable deps ti=<TaskInstance: capstone_project.call_space_devs_api scheduled__2023-10-01T00:00:00+00:00 [queued]>
[2023-10-03T09:06:27.541+0000] {taskinstance.py:1125} INFO - Dependencies all met for dep_context=requeueable deps ti=<TaskInstance: capstone_project.call_space_devs_api scheduled__2023-10-01T00:00:00+00:00 [queued]>
[2023-10-03T09:06:27.567+0000] {taskinstance.py:1331} INFO - Starting attempt 1 of 1
[2023-10-03T09:06:27.809+0000] {taskinstance.py:1350} INFO - Executing <Task(SimpleHttpOperator): call_space_devs_api> on 2023-10-01 00:00:00+00:00
[2023-10-03T09:06:27.824+0000] {standard_task_runner.py:57} INFO - Started process 557 to run task
[2023-10-03T09:06:27.844+0000] {standard_task_runner.py:84} INFO - Running: ['***', 'tasks', 'run', 'capstone_project', 'call_space_devs_api', 'scheduled__2023-10-01T00:00:00+00:00', '--job-id', '100', '--raw', '--subdir', 'DAGS_FOLDER/capstone_project.py', '--cfg-path', '/tmp/tmpgv6vs475']
[2023-10-03T09:06:27.853+0000] {standard_task_runner.py:85} INFO - Job 100: Subtask call_space_devs_api
[2023-10-03T09:06:28.027+0000] {task_command.py:410} INFO - Running <TaskInstance: capstone_project.call_space_devs_api scheduled__2023-10-01T00:00:00+00:00 [running]> on host 9a30478b5169
[2023-10-03T09:06:28.443+0000] {warnings.py:110} WARNING - /home/***/.local/lib/python3.7/site-packages/***/utils/context.py:205: AirflowContextDeprecationWarning: Accessing 'next_ds' from the template is deprecated and will be removed in a future version. Please use '{{ data_interval_end | ds }}' instead.
  warnings.warn(_create_deprecation_warning(key, self._deprecation_replacements[key]))

[2023-10-03T09:06:28.805+0000] {taskinstance.py:1570} INFO - Exporting env vars: AIRFLOW_CTX_DAG_OWNER='***' AIRFLOW_CTX_DAG_ID='capstone_project' AIRFLOW_CTX_TASK_ID='call_space_devs_api' AIRFLOW_CTX_EXECUTION_DATE='2023-10-01T00:00:00+00:00' AIRFLOW_CTX_TRY_NUMBER='1' AIRFLOW_CTX_DAG_RUN_ID='scheduled__2023-10-01T00:00:00+00:00'
[2023-10-03T09:06:28.810+0000] {http.py:123} INFO - Calling HTTP method
[2023-10-03T09:06:28.944+0000] {base.py:73} INFO - Using connection ID 'thespacedevs_dev' for task execution.
[2023-10-03T09:06:29.680+0000] {http.py:127} INFO - {"count":0,"next":null,"previous":null,"results":[]}
[2023-10-03T09:06:29.707+0000] {taskinstance.py:1373} INFO - Marking task as SUCCESS. dag_id=capstone_project, task_id=call_space_devs_api, execution_date=20231001T000000, start_date=20231003T090627, end_date=20231003T090629
[2023-10-03T09:06:29.757+0000] {local_task_job_runner.py:232} INFO - Task exited with return code 0
[2023-10-03T09:06:29.775+0000] {taskinstance.py:2674} INFO - 0 downstream tasks scheduled from follow-on schedule check
[2023-10-03T09:40:10.743+0000] {taskinstance.py:1125} INFO - Dependencies all met for dep_context=non-requeueable deps ti=<TaskInstance: capstone_project.call_space_devs_api scheduled__2023-10-01T00:00:00+00:00 [queued]>
[2023-10-03T09:40:10.918+0000] {taskinstance.py:1125} INFO - Dependencies all met for dep_context=requeueable deps ti=<TaskInstance: capstone_project.call_space_devs_api scheduled__2023-10-01T00:00:00+00:00 [queued]>
[2023-10-03T09:40:10.941+0000] {taskinstance.py:1331} INFO - Starting attempt 1 of 1
[2023-10-03T09:40:11.027+0000] {taskinstance.py:1350} INFO - Executing <Task(SimpleHttpOperator): call_space_devs_api> on 2023-10-01 00:00:00+00:00
[2023-10-03T09:40:11.033+0000] {standard_task_runner.py:57} INFO - Started process 1179 to run task
[2023-10-03T09:40:11.045+0000] {standard_task_runner.py:84} INFO - Running: ['***', 'tasks', 'run', 'capstone_project', 'call_space_devs_api', 'scheduled__2023-10-01T00:00:00+00:00', '--job-id', '115', '--raw', '--subdir', 'DAGS_FOLDER/capstone_project.py', '--cfg-path', '/tmp/tmpmdhg59le']
[2023-10-03T09:40:11.046+0000] {standard_task_runner.py:85} INFO - Job 115: Subtask call_space_devs_api
[2023-10-03T09:40:11.289+0000] {task_command.py:410} INFO - Running <TaskInstance: capstone_project.call_space_devs_api scheduled__2023-10-01T00:00:00+00:00 [running]> on host 9a30478b5169
[2023-10-03T09:40:11.707+0000] {warnings.py:110} WARNING - /home/***/.local/lib/python3.7/site-packages/***/utils/context.py:205: AirflowContextDeprecationWarning: Accessing 'next_ds' from the template is deprecated and will be removed in a future version. Please use '{{ data_interval_end | ds }}' instead.
  warnings.warn(_create_deprecation_warning(key, self._deprecation_replacements[key]))

[2023-10-03T09:40:12.005+0000] {taskinstance.py:1570} INFO - Exporting env vars: AIRFLOW_CTX_DAG_OWNER='***' AIRFLOW_CTX_DAG_ID='capstone_project' AIRFLOW_CTX_TASK_ID='call_space_devs_api' AIRFLOW_CTX_EXECUTION_DATE='2023-10-01T00:00:00+00:00' AIRFLOW_CTX_TRY_NUMBER='1' AIRFLOW_CTX_DAG_RUN_ID='scheduled__2023-10-01T00:00:00+00:00'
[2023-10-03T09:40:12.021+0000] {http.py:123} INFO - Calling HTTP method
[2023-10-03T09:40:12.094+0000] {base.py:73} INFO - Using connection ID 'thespacedevs_dev' for task execution.
[2023-10-03T09:40:13.197+0000] {http.py:127} INFO - {"count":0,"next":null,"previous":null,"results":[]}
[2023-10-03T09:40:13.368+0000] {taskinstance.py:1373} INFO - Marking task as SUCCESS. dag_id=capstone_project, task_id=call_space_devs_api, execution_date=20231001T000000, start_date=20231003T094010, end_date=20231003T094013
[2023-10-03T09:40:13.457+0000] {local_task_job_runner.py:232} INFO - Task exited with return code 0
[2023-10-03T09:40:13.534+0000] {taskinstance.py:2674} INFO - 1 downstream tasks scheduled from follow-on schedule check
