[2023-10-03T08:05:04.001+0000] {taskinstance.py:1125} INFO - Dependencies all met for dep_context=non-requeueable deps ti=<TaskInstance: capstone_project.call_http_status_space_devs_api scheduled__2023-09-27T00:00:00+00:00 [queued]>
[2023-10-03T08:05:04.220+0000] {taskinstance.py:1125} INFO - Dependencies all met for dep_context=requeueable deps ti=<TaskInstance: capstone_project.call_http_status_space_devs_api scheduled__2023-09-27T00:00:00+00:00 [queued]>
[2023-10-03T08:05:04.234+0000] {taskinstance.py:1331} INFO - Starting attempt 1 of 1
[2023-10-03T08:05:04.487+0000] {taskinstance.py:1350} INFO - Executing <Task(HttpSensor): call_http_status_space_devs_api> on 2023-09-27 00:00:00+00:00
[2023-10-03T08:05:04.532+0000] {standard_task_runner.py:57} INFO - Started process 879 to run task
[2023-10-03T08:05:04.542+0000] {standard_task_runner.py:84} INFO - Running: ['***', 'tasks', 'run', 'capstone_project', 'call_http_status_space_devs_api', 'scheduled__2023-09-27T00:00:00+00:00', '--job-id', '14', '--raw', '--subdir', 'DAGS_FOLDER/capstone_project.py', '--cfg-path', '/tmp/tmpz0ndy7ic']
[2023-10-03T08:05:04.558+0000] {standard_task_runner.py:85} INFO - Job 14: Subtask call_http_status_space_devs_api
[2023-10-03T08:05:04.974+0000] {task_command.py:410} INFO - Running <TaskInstance: capstone_project.call_http_status_space_devs_api scheduled__2023-09-27T00:00:00+00:00 [running]> on host 9a30478b5169
[2023-10-03T08:05:05.581+0000] {taskinstance.py:1570} INFO - Exporting env vars: AIRFLOW_CTX_DAG_OWNER='***' AIRFLOW_CTX_DAG_ID='capstone_project' AIRFLOW_CTX_TASK_ID='call_http_status_space_devs_api' AIRFLOW_CTX_EXECUTION_DATE='2023-09-27T00:00:00+00:00' AIRFLOW_CTX_TRY_NUMBER='1' AIRFLOW_CTX_DAG_RUN_ID='scheduled__2023-09-27T00:00:00+00:00'
[2023-10-03T08:05:05.583+0000] {http.py:122} INFO - Poking: 
[2023-10-03T08:05:05.647+0000] {taskinstance.py:1847} ERROR - Task failed with exception
Traceback (most recent call last):
  File "/home/airflow/.local/lib/python3.7/site-packages/airflow/sensors/base.py", line 225, in execute
    raise e
  File "/home/airflow/.local/lib/python3.7/site-packages/airflow/sensors/base.py", line 212, in execute
    poke_return = self.poke(context)
  File "/home/airflow/.local/lib/python3.7/site-packages/airflow/providers/http/sensors/http.py", line 137, in poke
    raise exc
  File "/home/airflow/.local/lib/python3.7/site-packages/airflow/providers/http/sensors/http.py", line 128, in poke
    extra_options=self.extra_options,
  File "/home/airflow/.local/lib/python3.7/site-packages/airflow/providers/http/hooks/http.py", line 148, in run
    session = self.get_conn(headers)
  File "/home/airflow/.local/lib/python3.7/site-packages/airflow/providers/http/hooks/http.py", line 100, in get_conn
    conn = self.get_connection(self.http_conn_id)
  File "/home/airflow/.local/lib/python3.7/site-packages/airflow/hooks/base.py", line 72, in get_connection
    conn = Connection.get_connection_from_secrets(conn_id)
  File "/home/airflow/.local/lib/python3.7/site-packages/airflow/models/connection.py", line 434, in get_connection_from_secrets
    raise AirflowNotFoundException(f"The conn_id `{conn_id}` isn't defined")
airflow.exceptions.AirflowNotFoundException: The conn_id `http_default` isn't defined
[2023-10-03T08:05:05.668+0000] {taskinstance.py:1373} INFO - Marking task as FAILED. dag_id=capstone_project, task_id=call_http_status_space_devs_api, execution_date=20230927T000000, start_date=20231003T080504, end_date=20231003T080505
[2023-10-03T08:05:05.722+0000] {standard_task_runner.py:109} ERROR - Failed to execute job 14 for task call_http_status_space_devs_api (The conn_id `http_default` isn't defined; 879)
[2023-10-03T08:05:05.776+0000] {local_task_job_runner.py:232} INFO - Task exited with return code 1
[2023-10-03T08:05:05.859+0000] {taskinstance.py:2674} INFO - 0 downstream tasks scheduled from follow-on schedule check
[2023-10-03T09:06:20.102+0000] {taskinstance.py:1125} INFO - Dependencies all met for dep_context=non-requeueable deps ti=<TaskInstance: capstone_project.call_http_status_space_devs_api scheduled__2023-09-27T00:00:00+00:00 [queued]>
[2023-10-03T09:06:20.159+0000] {taskinstance.py:1125} INFO - Dependencies all met for dep_context=requeueable deps ti=<TaskInstance: capstone_project.call_http_status_space_devs_api scheduled__2023-09-27T00:00:00+00:00 [queued]>
[2023-10-03T09:06:20.160+0000] {taskinstance.py:1331} INFO - Starting attempt 1 of 1
[2023-10-03T09:06:20.282+0000] {taskinstance.py:1350} INFO - Executing <Task(HttpSensor): call_http_status_space_devs_api> on 2023-09-27 00:00:00+00:00
[2023-10-03T09:06:20.347+0000] {standard_task_runner.py:57} INFO - Started process 532 to run task
[2023-10-03T09:06:20.367+0000] {standard_task_runner.py:84} INFO - Running: ['***', 'tasks', 'run', 'capstone_project', 'call_http_status_space_devs_api', 'scheduled__2023-09-27T00:00:00+00:00', '--job-id', '87', '--raw', '--subdir', 'DAGS_FOLDER/capstone_project.py', '--cfg-path', '/tmp/tmprueollcm']
[2023-10-03T09:06:20.378+0000] {standard_task_runner.py:85} INFO - Job 87: Subtask call_http_status_space_devs_api
[2023-10-03T09:06:20.656+0000] {task_command.py:410} INFO - Running <TaskInstance: capstone_project.call_http_status_space_devs_api scheduled__2023-09-27T00:00:00+00:00 [running]> on host 9a30478b5169
[2023-10-03T09:06:21.509+0000] {taskinstance.py:1570} INFO - Exporting env vars: AIRFLOW_CTX_DAG_OWNER='***' AIRFLOW_CTX_DAG_ID='capstone_project' AIRFLOW_CTX_TASK_ID='call_http_status_space_devs_api' AIRFLOW_CTX_EXECUTION_DATE='2023-09-27T00:00:00+00:00' AIRFLOW_CTX_TRY_NUMBER='1' AIRFLOW_CTX_DAG_RUN_ID='scheduled__2023-09-27T00:00:00+00:00'
[2023-10-03T09:06:21.524+0000] {http.py:122} INFO - Poking: 
[2023-10-03T09:06:21.610+0000] {base.py:73} INFO - Using connection ID 'thespacedevs_dev' for task execution.
[2023-10-03T09:06:22.437+0000] {base.py:255} INFO - Success criteria met. Exiting.
[2023-10-03T09:06:22.547+0000] {taskinstance.py:1373} INFO - Marking task as SUCCESS. dag_id=capstone_project, task_id=call_http_status_space_devs_api, execution_date=20230927T000000, start_date=20231003T090620, end_date=20231003T090622
[2023-10-03T09:06:22.745+0000] {local_task_job_runner.py:232} INFO - Task exited with return code 0
[2023-10-03T09:06:22.918+0000] {taskinstance.py:2674} INFO - 1 downstream tasks scheduled from follow-on schedule check
[2023-10-03T09:40:04.890+0000] {taskinstance.py:1125} INFO - Dependencies all met for dep_context=non-requeueable deps ti=<TaskInstance: capstone_project.call_http_status_space_devs_api scheduled__2023-09-27T00:00:00+00:00 [queued]>
[2023-10-03T09:40:04.947+0000] {taskinstance.py:1125} INFO - Dependencies all met for dep_context=requeueable deps ti=<TaskInstance: capstone_project.call_http_status_space_devs_api scheduled__2023-09-27T00:00:00+00:00 [queued]>
[2023-10-03T09:40:04.947+0000] {taskinstance.py:1331} INFO - Starting attempt 1 of 1
[2023-10-03T09:40:05.172+0000] {taskinstance.py:1350} INFO - Executing <Task(HttpSensor): call_http_status_space_devs_api> on 2023-09-27 00:00:00+00:00
[2023-10-03T09:40:05.222+0000] {standard_task_runner.py:57} INFO - Started process 1160 to run task
[2023-10-03T09:40:05.298+0000] {standard_task_runner.py:84} INFO - Running: ['***', 'tasks', 'run', 'capstone_project', 'call_http_status_space_devs_api', 'scheduled__2023-09-27T00:00:00+00:00', '--job-id', '107', '--raw', '--subdir', 'DAGS_FOLDER/capstone_project.py', '--cfg-path', '/tmp/tmpkt334wb8']
[2023-10-03T09:40:05.299+0000] {standard_task_runner.py:85} INFO - Job 107: Subtask call_http_status_space_devs_api
[2023-10-03T09:40:05.596+0000] {task_command.py:410} INFO - Running <TaskInstance: capstone_project.call_http_status_space_devs_api scheduled__2023-09-27T00:00:00+00:00 [running]> on host 9a30478b5169
[2023-10-03T09:40:06.344+0000] {taskinstance.py:1570} INFO - Exporting env vars: AIRFLOW_CTX_DAG_OWNER='***' AIRFLOW_CTX_DAG_ID='capstone_project' AIRFLOW_CTX_TASK_ID='call_http_status_space_devs_api' AIRFLOW_CTX_EXECUTION_DATE='2023-09-27T00:00:00+00:00' AIRFLOW_CTX_TRY_NUMBER='1' AIRFLOW_CTX_DAG_RUN_ID='scheduled__2023-09-27T00:00:00+00:00'
[2023-10-03T09:40:06.346+0000] {http.py:122} INFO - Poking: 
[2023-10-03T09:40:06.470+0000] {base.py:73} INFO - Using connection ID 'thespacedevs_dev' for task execution.
[2023-10-03T09:40:07.224+0000] {base.py:255} INFO - Success criteria met. Exiting.
[2023-10-03T09:40:07.257+0000] {taskinstance.py:1373} INFO - Marking task as SUCCESS. dag_id=capstone_project, task_id=call_http_status_space_devs_api, execution_date=20230927T000000, start_date=20231003T094004, end_date=20231003T094007
[2023-10-03T09:40:07.407+0000] {local_task_job_runner.py:232} INFO - Task exited with return code 0
[2023-10-03T09:40:07.511+0000] {taskinstance.py:2674} INFO - 1 downstream tasks scheduled from follow-on schedule check
[2023-10-03T12:33:28.657+0000] {taskinstance.py:1125} INFO - Dependencies all met for dep_context=non-requeueable deps ti=<TaskInstance: capstone_project.call_http_status_space_devs_api scheduled__2023-09-27T00:00:00+00:00 [queued]>
[2023-10-03T12:33:29.161+0000] {taskinstance.py:1125} INFO - Dependencies all met for dep_context=requeueable deps ti=<TaskInstance: capstone_project.call_http_status_space_devs_api scheduled__2023-09-27T00:00:00+00:00 [queued]>
[2023-10-03T12:33:29.175+0000] {taskinstance.py:1331} INFO - Starting attempt 1 of 1
[2023-10-03T12:33:29.669+0000] {taskinstance.py:1350} INFO - Executing <Task(HttpSensor): call_http_status_space_devs_api> on 2023-09-27 00:00:00+00:00
[2023-10-03T12:33:29.820+0000] {standard_task_runner.py:57} INFO - Started process 110 to run task
[2023-10-03T12:33:29.840+0000] {standard_task_runner.py:84} INFO - Running: ['***', 'tasks', 'run', 'capstone_project', 'call_http_status_space_devs_api', 'scheduled__2023-09-27T00:00:00+00:00', '--job-id', '228', '--raw', '--subdir', 'DAGS_FOLDER/capstone_project.py', '--cfg-path', '/tmp/tmpv5hz6xf0']
[2023-10-03T12:33:29.868+0000] {standard_task_runner.py:85} INFO - Job 228: Subtask call_http_status_space_devs_api
[2023-10-03T12:33:30.919+0000] {task_command.py:410} INFO - Running <TaskInstance: capstone_project.call_http_status_space_devs_api scheduled__2023-09-27T00:00:00+00:00 [running]> on host 9a30478b5169
[2023-10-03T12:33:32.273+0000] {taskinstance.py:1570} INFO - Exporting env vars: AIRFLOW_CTX_DAG_OWNER='***' AIRFLOW_CTX_DAG_ID='capstone_project' AIRFLOW_CTX_TASK_ID='call_http_status_space_devs_api' AIRFLOW_CTX_EXECUTION_DATE='2023-09-27T00:00:00+00:00' AIRFLOW_CTX_TRY_NUMBER='1' AIRFLOW_CTX_DAG_RUN_ID='scheduled__2023-09-27T00:00:00+00:00'
[2023-10-03T12:33:32.294+0000] {http.py:122} INFO - Poking: 
[2023-10-03T12:33:32.552+0000] {base.py:73} INFO - Using connection ID 'thespacedevs_dev' for task execution.
[2023-10-03T12:33:34.170+0000] {base.py:255} INFO - Success criteria met. Exiting.
[2023-10-03T12:33:34.323+0000] {taskinstance.py:1373} INFO - Marking task as SUCCESS. dag_id=capstone_project, task_id=call_http_status_space_devs_api, execution_date=20230927T000000, start_date=20231003T123328, end_date=20231003T123334
[2023-10-03T12:33:35.095+0000] {local_task_job_runner.py:232} INFO - Task exited with return code 0
[2023-10-03T12:33:35.910+0000] {taskinstance.py:2674} INFO - 1 downstream tasks scheduled from follow-on schedule check
[2023-10-03T12:56:58.192+0000] {taskinstance.py:1125} INFO - Dependencies all met for dep_context=non-requeueable deps ti=<TaskInstance: capstone_project.call_http_status_space_devs_api scheduled__2023-09-27T00:00:00+00:00 [queued]>
[2023-10-03T12:56:58.372+0000] {taskinstance.py:1125} INFO - Dependencies all met for dep_context=requeueable deps ti=<TaskInstance: capstone_project.call_http_status_space_devs_api scheduled__2023-09-27T00:00:00+00:00 [queued]>
[2023-10-03T12:56:58.382+0000] {taskinstance.py:1331} INFO - Starting attempt 1 of 1
[2023-10-03T12:56:58.543+0000] {taskinstance.py:1350} INFO - Executing <Task(HttpSensor): call_http_status_space_devs_api> on 2023-09-27 00:00:00+00:00
[2023-10-03T12:56:58.667+0000] {standard_task_runner.py:57} INFO - Started process 115 to run task
[2023-10-03T12:56:58.720+0000] {standard_task_runner.py:84} INFO - Running: ['***', 'tasks', 'run', 'capstone_project', 'call_http_status_space_devs_api', 'scheduled__2023-09-27T00:00:00+00:00', '--job-id', '295', '--raw', '--subdir', 'DAGS_FOLDER/capstone_project.py', '--cfg-path', '/tmp/tmpr67l8hgq']
[2023-10-03T12:56:58.760+0000] {standard_task_runner.py:85} INFO - Job 295: Subtask call_http_status_space_devs_api
[2023-10-03T12:56:59.548+0000] {task_command.py:410} INFO - Running <TaskInstance: capstone_project.call_http_status_space_devs_api scheduled__2023-09-27T00:00:00+00:00 [running]> on host 9a30478b5169
[2023-10-03T12:57:00.735+0000] {taskinstance.py:1570} INFO - Exporting env vars: AIRFLOW_CTX_DAG_OWNER='***' AIRFLOW_CTX_DAG_ID='capstone_project' AIRFLOW_CTX_TASK_ID='call_http_status_space_devs_api' AIRFLOW_CTX_EXECUTION_DATE='2023-09-27T00:00:00+00:00' AIRFLOW_CTX_TRY_NUMBER='1' AIRFLOW_CTX_DAG_RUN_ID='scheduled__2023-09-27T00:00:00+00:00'
[2023-10-03T12:57:00.742+0000] {http.py:122} INFO - Poking: 
[2023-10-03T12:57:00.944+0000] {base.py:73} INFO - Using connection ID 'thespacedevs_dev' for task execution.
[2023-10-03T12:57:02.509+0000] {base.py:255} INFO - Success criteria met. Exiting.
[2023-10-03T12:57:02.671+0000] {taskinstance.py:1373} INFO - Marking task as SUCCESS. dag_id=capstone_project, task_id=call_http_status_space_devs_api, execution_date=20230927T000000, start_date=20231003T125658, end_date=20231003T125702
[2023-10-03T12:57:03.286+0000] {local_task_job_runner.py:232} INFO - Task exited with return code 0
[2023-10-03T12:57:04.486+0000] {taskinstance.py:2674} INFO - 1 downstream tasks scheduled from follow-on schedule check
