[2023-10-03T08:38:23.833+0000] {taskinstance.py:1125} INFO - Dependencies all met for dep_context=non-requeueable deps ti=<TaskInstance: capstone_project.call_http_status_space_devs_api scheduled__2023-09-27T00:00:00+00:00 [queued]>
[2023-10-03T08:38:23.869+0000] {taskinstance.py:1125} INFO - Dependencies all met for dep_context=requeueable deps ti=<TaskInstance: capstone_project.call_http_status_space_devs_api scheduled__2023-09-27T00:00:00+00:00 [queued]>
[2023-10-03T08:38:23.870+0000] {taskinstance.py:1331} INFO - Starting attempt 3 of 3
[2023-10-03T08:38:23.928+0000] {taskinstance.py:1350} INFO - Executing <Task(HttpSensor): call_http_status_space_devs_api> on 2023-09-27 00:00:00+00:00
[2023-10-03T08:38:23.934+0000] {standard_task_runner.py:57} INFO - Started process 1532 to run task
[2023-10-03T08:38:23.945+0000] {standard_task_runner.py:84} INFO - Running: ['***', 'tasks', 'run', 'capstone_project', 'call_http_status_space_devs_api', 'scheduled__2023-09-27T00:00:00+00:00', '--job-id', '43', '--raw', '--subdir', 'DAGS_FOLDER/capstone_project.py', '--cfg-path', '/tmp/tmpfyda9eeb']
[2023-10-03T08:38:23.948+0000] {standard_task_runner.py:85} INFO - Job 43: Subtask call_http_status_space_devs_api
[2023-10-03T08:38:24.313+0000] {task_command.py:410} INFO - Running <TaskInstance: capstone_project.call_http_status_space_devs_api scheduled__2023-09-27T00:00:00+00:00 [running]> on host 9a30478b5169
[2023-10-03T08:38:25.763+0000] {taskinstance.py:1570} INFO - Exporting env vars: AIRFLOW_CTX_DAG_OWNER='***' AIRFLOW_CTX_DAG_ID='capstone_project' AIRFLOW_CTX_TASK_ID='call_http_status_space_devs_api' AIRFLOW_CTX_EXECUTION_DATE='2023-09-27T00:00:00+00:00' AIRFLOW_CTX_TRY_NUMBER='3' AIRFLOW_CTX_DAG_RUN_ID='scheduled__2023-09-27T00:00:00+00:00'
[2023-10-03T08:38:25.763+0000] {http.py:122} INFO - Poking: 
[2023-10-03T08:38:25.812+0000] {base.py:73} INFO - Using connection ID 'thespacedevs_dev' for task execution.
[2023-10-03T08:38:29.013+0000] {base.py:255} INFO - Success criteria met. Exiting.
[2023-10-03T08:38:29.062+0000] {taskinstance.py:1373} INFO - Marking task as SUCCESS. dag_id=capstone_project, task_id=call_http_status_space_devs_api, execution_date=20230927T000000, start_date=20231003T083823, end_date=20231003T083829
[2023-10-03T08:38:29.399+0000] {local_task_job_runner.py:232} INFO - Task exited with return code 0
[2023-10-03T08:38:29.569+0000] {taskinstance.py:2674} INFO - 0 downstream tasks scheduled from follow-on schedule check
[2023-10-03T14:36:47.582+0000] {taskinstance.py:1125} INFO - Dependencies all met for dep_context=non-requeueable deps ti=<TaskInstance: capstone_project.call_http_status_space_devs_api scheduled__2023-09-27T00:00:00+00:00 [queued]>
[2023-10-03T14:36:47.599+0000] {taskinstance.py:1125} INFO - Dependencies all met for dep_context=requeueable deps ti=<TaskInstance: capstone_project.call_http_status_space_devs_api scheduled__2023-09-27T00:00:00+00:00 [queued]>
[2023-10-03T14:36:47.600+0000] {taskinstance.py:1331} INFO - Starting attempt 3 of 3
[2023-10-03T14:36:47.618+0000] {taskinstance.py:1350} INFO - Executing <Task(HttpSensor): call_http_status_space_devs_api> on 2023-09-27 00:00:00+00:00
[2023-10-03T14:36:47.625+0000] {standard_task_runner.py:57} INFO - Started process 2096 to run task
[2023-10-03T14:36:47.628+0000] {standard_task_runner.py:84} INFO - Running: ['***', 'tasks', 'run', 'capstone_project', 'call_http_status_space_devs_api', 'scheduled__2023-09-27T00:00:00+00:00', '--job-id', '371', '--raw', '--subdir', 'DAGS_FOLDER/capstone_project.py', '--cfg-path', '/tmp/tmpofqtrlot']
[2023-10-03T14:36:47.629+0000] {standard_task_runner.py:85} INFO - Job 371: Subtask call_http_status_space_devs_api
[2023-10-03T14:36:47.683+0000] {task_command.py:410} INFO - Running <TaskInstance: capstone_project.call_http_status_space_devs_api scheduled__2023-09-27T00:00:00+00:00 [running]> on host 9a30478b5169
[2023-10-03T14:36:47.854+0000] {taskinstance.py:1570} INFO - Exporting env vars: AIRFLOW_CTX_DAG_OWNER='***' AIRFLOW_CTX_DAG_ID='capstone_project' AIRFLOW_CTX_TASK_ID='call_http_status_space_devs_api' AIRFLOW_CTX_EXECUTION_DATE='2023-09-27T00:00:00+00:00' AIRFLOW_CTX_TRY_NUMBER='3' AIRFLOW_CTX_DAG_RUN_ID='scheduled__2023-09-27T00:00:00+00:00'
[2023-10-03T14:36:47.855+0000] {http.py:122} INFO - Poking: 
[2023-10-03T14:36:47.874+0000] {base.py:73} INFO - Using connection ID 'thespacedevs_dev' for task execution.
[2023-10-03T14:36:49.012+0000] {base.py:255} INFO - Success criteria met. Exiting.
[2023-10-03T14:36:49.025+0000] {taskinstance.py:1373} INFO - Marking task as SUCCESS. dag_id=capstone_project, task_id=call_http_status_space_devs_api, execution_date=20230927T000000, start_date=20231003T143647, end_date=20231003T143649
[2023-10-03T14:36:49.091+0000] {local_task_job_runner.py:232} INFO - Task exited with return code 0
[2023-10-03T14:36:49.124+0000] {taskinstance.py:2674} INFO - 1 downstream tasks scheduled from follow-on schedule check
