[2023-10-03T14:35:50.531+0000] {taskinstance.py:1125} INFO - Dependencies all met for dep_context=non-requeueable deps ti=<TaskInstance: capstone_project.create_postgres_table scheduled__2023-09-27T00:00:00+00:00 [queued]>
[2023-10-03T14:35:50.541+0000] {taskinstance.py:1125} INFO - Dependencies all met for dep_context=requeueable deps ti=<TaskInstance: capstone_project.create_postgres_table scheduled__2023-09-27T00:00:00+00:00 [queued]>
[2023-10-03T14:35:50.541+0000] {taskinstance.py:1331} INFO - Starting attempt 5 of 5
[2023-10-03T14:35:50.558+0000] {taskinstance.py:1350} INFO - Executing <Task(PostgresOperator): create_postgres_table> on 2023-09-27 00:00:00+00:00
[2023-10-03T14:35:50.565+0000] {standard_task_runner.py:57} INFO - Started process 2067 to run task
[2023-10-03T14:35:50.567+0000] {standard_task_runner.py:84} INFO - Running: ['***', 'tasks', 'run', 'capstone_project', 'create_postgres_table', 'scheduled__2023-09-27T00:00:00+00:00', '--job-id', '369', '--raw', '--subdir', 'DAGS_FOLDER/capstone_project.py', '--cfg-path', '/tmp/tmpxdk9j0xx']
[2023-10-03T14:35:50.569+0000] {standard_task_runner.py:85} INFO - Job 369: Subtask create_postgres_table
[2023-10-03T14:35:50.624+0000] {task_command.py:410} INFO - Running <TaskInstance: capstone_project.create_postgres_table scheduled__2023-09-27T00:00:00+00:00 [running]> on host 9a30478b5169
[2023-10-03T14:35:50.706+0000] {taskinstance.py:1570} INFO - Exporting env vars: AIRFLOW_CTX_DAG_OWNER='***' AIRFLOW_CTX_DAG_ID='capstone_project' AIRFLOW_CTX_TASK_ID='create_postgres_table' AIRFLOW_CTX_EXECUTION_DATE='2023-09-27T00:00:00+00:00' AIRFLOW_CTX_TRY_NUMBER='5' AIRFLOW_CTX_DAG_RUN_ID='scheduled__2023-09-27T00:00:00+00:00'
[2023-10-03T14:35:50.707+0000] {sql.py:262} INFO - Executing: 
        CREATE TABLE IF NOT EXISTS rocket_launches (
            id VARCHAR,
            name VARCHAR,
            status VARCHAR,
            country_code VARCHAR,
            service_provider_name VARCHAR,
            service_provider_type VARCHAR
            );
        
[2023-10-03T14:35:50.713+0000] {base.py:73} INFO - Using connection ID 'postgres' for task execution.
[2023-10-03T14:35:50.774+0000] {base.py:73} INFO - Using connection ID 'postgres' for task execution.
[2023-10-03T14:35:50.777+0000] {sql.py:375} INFO - Running statement: 
        CREATE TABLE IF NOT EXISTS rocket_launches (
            id VARCHAR,
            name VARCHAR,
            status VARCHAR,
            country_code VARCHAR,
            service_provider_name VARCHAR,
            service_provider_type VARCHAR
            );
        , parameters: None
[2023-10-03T14:35:50.785+0000] {taskinstance.py:1373} INFO - Marking task as SUCCESS. dag_id=capstone_project, task_id=create_postgres_table, execution_date=20230927T000000, start_date=20231003T143550, end_date=20231003T143550
[2023-10-03T14:35:50.819+0000] {local_task_job_runner.py:232} INFO - Task exited with return code 0
[2023-10-03T14:35:50.839+0000] {taskinstance.py:2674} INFO - 1 downstream tasks scheduled from follow-on schedule check
