[2023-10-03T13:54:53.870+0000] {taskinstance.py:1125} INFO - Dependencies all met for dep_context=non-requeueable deps ti=<TaskInstance: capstone_project.create_postgres_table scheduled__2023-09-27T00:00:00+00:00 [queued]>
[2023-10-03T13:54:53.879+0000] {taskinstance.py:1125} INFO - Dependencies all met for dep_context=requeueable deps ti=<TaskInstance: capstone_project.create_postgres_table scheduled__2023-09-27T00:00:00+00:00 [queued]>
[2023-10-03T13:54:53.879+0000] {taskinstance.py:1331} INFO - Starting attempt 4 of 4
[2023-10-03T13:54:53.897+0000] {taskinstance.py:1350} INFO - Executing <Task(PostgresOperator): create_postgres_table> on 2023-09-27 00:00:00+00:00
[2023-10-03T13:54:53.904+0000] {standard_task_runner.py:57} INFO - Started process 1347 to run task
[2023-10-03T13:54:53.908+0000] {standard_task_runner.py:84} INFO - Running: ['***', 'tasks', 'run', 'capstone_project', 'create_postgres_table', 'scheduled__2023-09-27T00:00:00+00:00', '--job-id', '368', '--raw', '--subdir', 'DAGS_FOLDER/capstone_project.py', '--cfg-path', '/tmp/tmpkf6rtsrf']
[2023-10-03T13:54:53.909+0000] {standard_task_runner.py:85} INFO - Job 368: Subtask create_postgres_table
[2023-10-03T13:54:53.954+0000] {task_command.py:410} INFO - Running <TaskInstance: capstone_project.create_postgres_table scheduled__2023-09-27T00:00:00+00:00 [running]> on host 9a30478b5169
[2023-10-03T13:54:54.042+0000] {taskinstance.py:1570} INFO - Exporting env vars: AIRFLOW_CTX_DAG_OWNER='***' AIRFLOW_CTX_DAG_ID='capstone_project' AIRFLOW_CTX_TASK_ID='create_postgres_table' AIRFLOW_CTX_EXECUTION_DATE='2023-09-27T00:00:00+00:00' AIRFLOW_CTX_TRY_NUMBER='4' AIRFLOW_CTX_DAG_RUN_ID='scheduled__2023-09-27T00:00:00+00:00'
[2023-10-03T13:54:54.044+0000] {sql.py:262} INFO - Executing: 
        CREATE TABLE IF NOT EXISTS rocket_launches (
            id VARCHAR,
            name VARCHAR,
            status VARCHAR,
            country_code VARCHAR,
            service_provider_name VARCHAR,
            service_provider_type VARCHAR
            );
        
[2023-10-03T13:54:54.058+0000] {base.py:73} INFO - Using connection ID 'postgres' for task execution.
[2023-10-03T13:54:54.132+0000] {base.py:73} INFO - Using connection ID 'postgres' for task execution.
[2023-10-03T13:54:54.136+0000] {sql.py:375} INFO - Running statement: 
        CREATE TABLE IF NOT EXISTS rocket_launches (
            id VARCHAR,
            name VARCHAR,
            status VARCHAR,
            country_code VARCHAR,
            service_provider_name VARCHAR,
            service_provider_type VARCHAR
            );
        , parameters: None
[2023-10-03T13:54:54.448+0000] {taskinstance.py:1373} INFO - Marking task as SUCCESS. dag_id=capstone_project, task_id=create_postgres_table, execution_date=20230927T000000, start_date=20231003T135453, end_date=20231003T135454
[2023-10-03T13:54:54.480+0000] {local_task_job_runner.py:232} INFO - Task exited with return code 0
[2023-10-03T13:54:54.495+0000] {taskinstance.py:2674} INFO - 0 downstream tasks scheduled from follow-on schedule check
