[2023-10-03T12:25:27.133+0000] {taskinstance.py:1125} INFO - Dependencies all met for dep_context=non-requeueable deps ti=<TaskInstance: capstone_project.create_dataset scheduled__2023-09-30T00:00:00+00:00 [queued]>
[2023-10-03T12:25:27.142+0000] {taskinstance.py:1125} INFO - Dependencies all met for dep_context=requeueable deps ti=<TaskInstance: capstone_project.create_dataset scheduled__2023-09-30T00:00:00+00:00 [queued]>
[2023-10-03T12:25:27.142+0000] {taskinstance.py:1331} INFO - Starting attempt 1 of 1
[2023-10-03T12:25:27.159+0000] {taskinstance.py:1350} INFO - Executing <Task(BigQueryCreateEmptyDatasetOperator): create_dataset> on 2023-09-30 00:00:00+00:00
[2023-10-03T12:25:27.166+0000] {standard_task_runner.py:57} INFO - Started process 2638 to run task
[2023-10-03T12:25:27.168+0000] {standard_task_runner.py:84} INFO - Running: ['***', 'tasks', 'run', 'capstone_project', 'create_dataset', 'scheduled__2023-09-30T00:00:00+00:00', '--job-id', '200', '--raw', '--subdir', 'DAGS_FOLDER/capstone_project.py', '--cfg-path', '/tmp/tmp8hod6bsp']
[2023-10-03T12:25:27.169+0000] {standard_task_runner.py:85} INFO - Job 200: Subtask create_dataset
[2023-10-03T12:25:27.208+0000] {task_command.py:410} INFO - Running <TaskInstance: capstone_project.create_dataset scheduled__2023-09-30T00:00:00+00:00 [running]> on host 9a30478b5169
[2023-10-03T12:25:27.292+0000] {taskinstance.py:1570} INFO - Exporting env vars: AIRFLOW_CTX_DAG_OWNER='***' AIRFLOW_CTX_DAG_ID='capstone_project' AIRFLOW_CTX_TASK_ID='create_dataset' AIRFLOW_CTX_EXECUTION_DATE='2023-09-30T00:00:00+00:00' AIRFLOW_CTX_TRY_NUMBER='1' AIRFLOW_CTX_DAG_RUN_ID='scheduled__2023-09-30T00:00:00+00:00'
[2023-10-03T12:25:27.300+0000] {base.py:73} INFO - Using connection ID 'google_cloud_conn' for task execution.
[2023-10-03T12:25:27.350+0000] {bigquery.py:455} INFO - datasetId was not specified in `dataset_reference`. Will use default value dataset_name.
[2023-10-03T12:25:27.350+0000] {bigquery.py:455} INFO - projectId was not specified in `dataset_reference`. Will use default value aflow-training-rabo-2023-10-02.
[2023-10-03T12:25:27.351+0000] {bigquery.py:465} INFO - Creating dataset: dataset_name in project: aflow-training-rabo-2023-10-02 
[2023-10-03T12:25:28.096+0000] {bigquery.py:469} INFO - Dataset created successfully.
[2023-10-03T12:25:28.200+0000] {taskinstance.py:1373} INFO - Marking task as SUCCESS. dag_id=capstone_project, task_id=create_dataset, execution_date=20230930T000000, start_date=20231003T122527, end_date=20231003T122528
[2023-10-03T12:25:28.262+0000] {local_task_job_runner.py:232} INFO - Task exited with return code 0
[2023-10-03T12:25:28.277+0000] {taskinstance.py:2674} INFO - 0 downstream tasks scheduled from follow-on schedule check
[2023-10-03T12:38:07.034+0000] {taskinstance.py:1125} INFO - Dependencies all met for dep_context=non-requeueable deps ti=<TaskInstance: capstone_project.create_dataset scheduled__2023-09-30T00:00:00+00:00 [queued]>
[2023-10-03T12:38:07.082+0000] {taskinstance.py:1125} INFO - Dependencies all met for dep_context=requeueable deps ti=<TaskInstance: capstone_project.create_dataset scheduled__2023-09-30T00:00:00+00:00 [queued]>
[2023-10-03T12:38:07.082+0000] {taskinstance.py:1331} INFO - Starting attempt 1 of 1
[2023-10-03T12:38:07.192+0000] {taskinstance.py:1350} INFO - Executing <Task(BigQueryCreateEmptyDatasetOperator): create_dataset> on 2023-09-30 00:00:00+00:00
[2023-10-03T12:38:07.225+0000] {standard_task_runner.py:57} INFO - Started process 137 to run task
[2023-10-03T12:38:07.259+0000] {standard_task_runner.py:84} INFO - Running: ['***', 'tasks', 'run', 'capstone_project', 'create_dataset', 'scheduled__2023-09-30T00:00:00+00:00', '--job-id', '259', '--raw', '--subdir', 'DAGS_FOLDER/capstone_project.py', '--cfg-path', '/tmp/tmpedv53lul']
[2023-10-03T12:38:07.267+0000] {standard_task_runner.py:85} INFO - Job 259: Subtask create_dataset
[2023-10-03T12:38:07.638+0000] {task_command.py:410} INFO - Running <TaskInstance: capstone_project.create_dataset scheduled__2023-09-30T00:00:00+00:00 [running]> on host 9a30478b5169
[2023-10-03T12:38:08.008+0000] {taskinstance.py:1570} INFO - Exporting env vars: AIRFLOW_CTX_DAG_OWNER='***' AIRFLOW_CTX_DAG_ID='capstone_project' AIRFLOW_CTX_TASK_ID='create_dataset' AIRFLOW_CTX_EXECUTION_DATE='2023-09-30T00:00:00+00:00' AIRFLOW_CTX_TRY_NUMBER='1' AIRFLOW_CTX_DAG_RUN_ID='scheduled__2023-09-30T00:00:00+00:00'
[2023-10-03T12:38:08.026+0000] {base.py:73} INFO - Using connection ID 'google_cloud_conn' for task execution.
[2023-10-03T12:38:08.161+0000] {bigquery.py:455} INFO - datasetId was not specified in `dataset_reference`. Will use default value maurits_dataset.
[2023-10-03T12:38:08.162+0000] {bigquery.py:455} INFO - projectId was not specified in `dataset_reference`. Will use default value aflow-training-rabo-2023-10-02.
[2023-10-03T12:38:08.162+0000] {bigquery.py:465} INFO - Creating dataset: maurits_dataset in project: aflow-training-rabo-2023-10-02 
[2023-10-03T12:38:09.057+0000] {bigquery.py:1855} INFO - Dataset maurits_dataset already exists.
[2023-10-03T12:38:09.072+0000] {taskinstance.py:1373} INFO - Marking task as SUCCESS. dag_id=capstone_project, task_id=create_dataset, execution_date=20230930T000000, start_date=20231003T123807, end_date=20231003T123809
[2023-10-03T12:38:09.130+0000] {local_task_job_runner.py:232} INFO - Task exited with return code 0
[2023-10-03T12:38:09.150+0000] {taskinstance.py:2674} INFO - 0 downstream tasks scheduled from follow-on schedule check
