[2023-10-03T09:06:27.342+0000] {taskinstance.py:1125} INFO - Dependencies all met for dep_context=non-requeueable deps ti=<TaskInstance: capstone_project.call_space_devs_api scheduled__2023-09-29T00:00:00+00:00 [queued]>
[2023-10-03T09:06:27.462+0000] {taskinstance.py:1125} INFO - Dependencies all met for dep_context=requeueable deps ti=<TaskInstance: capstone_project.call_space_devs_api scheduled__2023-09-29T00:00:00+00:00 [queued]>
[2023-10-03T09:06:27.482+0000] {taskinstance.py:1331} INFO - Starting attempt 1 of 1
[2023-10-03T09:06:27.763+0000] {taskinstance.py:1350} INFO - Executing <Task(SimpleHttpOperator): call_space_devs_api> on 2023-09-29 00:00:00+00:00
[2023-10-03T09:06:27.787+0000] {standard_task_runner.py:57} INFO - Started process 556 to run task
[2023-10-03T09:06:27.799+0000] {standard_task_runner.py:84} INFO - Running: ['***', 'tasks', 'run', 'capstone_project', 'call_space_devs_api', 'scheduled__2023-09-29T00:00:00+00:00', '--job-id', '102', '--raw', '--subdir', 'DAGS_FOLDER/capstone_project.py', '--cfg-path', '/tmp/tmpubhkqse3']
[2023-10-03T09:06:27.799+0000] {standard_task_runner.py:85} INFO - Job 102: Subtask call_space_devs_api
[2023-10-03T09:06:27.977+0000] {task_command.py:410} INFO - Running <TaskInstance: capstone_project.call_space_devs_api scheduled__2023-09-29T00:00:00+00:00 [running]> on host 9a30478b5169
[2023-10-03T09:06:28.400+0000] {warnings.py:110} WARNING - /home/***/.local/lib/python3.7/site-packages/***/utils/context.py:205: AirflowContextDeprecationWarning: Accessing 'next_ds' from the template is deprecated and will be removed in a future version. Please use '{{ data_interval_end | ds }}' instead.
  warnings.warn(_create_deprecation_warning(key, self._deprecation_replacements[key]))

[2023-10-03T09:06:28.913+0000] {taskinstance.py:1570} INFO - Exporting env vars: AIRFLOW_CTX_DAG_OWNER='***' AIRFLOW_CTX_DAG_ID='capstone_project' AIRFLOW_CTX_TASK_ID='call_space_devs_api' AIRFLOW_CTX_EXECUTION_DATE='2023-09-29T00:00:00+00:00' AIRFLOW_CTX_TRY_NUMBER='1' AIRFLOW_CTX_DAG_RUN_ID='scheduled__2023-09-29T00:00:00+00:00'
[2023-10-03T09:06:28.914+0000] {http.py:123} INFO - Calling HTTP method
[2023-10-03T09:06:29.038+0000] {base.py:73} INFO - Using connection ID 'thespacedevs_dev' for task execution.
[2023-10-03T09:06:29.713+0000] {http.py:127} INFO - {"count":0,"next":null,"previous":null,"results":[]}
[2023-10-03T09:06:29.742+0000] {taskinstance.py:1373} INFO - Marking task as SUCCESS. dag_id=capstone_project, task_id=call_space_devs_api, execution_date=20230929T000000, start_date=20231003T090627, end_date=20231003T090629
[2023-10-03T09:06:29.785+0000] {local_task_job_runner.py:232} INFO - Task exited with return code 0
[2023-10-03T09:06:29.802+0000] {taskinstance.py:2674} INFO - 0 downstream tasks scheduled from follow-on schedule check
[2023-10-03T09:40:11.521+0000] {taskinstance.py:1125} INFO - Dependencies all met for dep_context=non-requeueable deps ti=<TaskInstance: capstone_project.call_space_devs_api scheduled__2023-09-29T00:00:00+00:00 [queued]>
[2023-10-03T09:40:11.734+0000] {taskinstance.py:1125} INFO - Dependencies all met for dep_context=requeueable deps ti=<TaskInstance: capstone_project.call_space_devs_api scheduled__2023-09-29T00:00:00+00:00 [queued]>
[2023-10-03T09:40:11.758+0000] {taskinstance.py:1331} INFO - Starting attempt 1 of 1
[2023-10-03T09:40:12.081+0000] {taskinstance.py:1350} INFO - Executing <Task(SimpleHttpOperator): call_space_devs_api> on 2023-09-29 00:00:00+00:00
[2023-10-03T09:40:12.124+0000] {standard_task_runner.py:57} INFO - Started process 1186 to run task
[2023-10-03T09:40:12.146+0000] {standard_task_runner.py:84} INFO - Running: ['***', 'tasks', 'run', 'capstone_project', 'call_space_devs_api', 'scheduled__2023-09-29T00:00:00+00:00', '--job-id', '121', '--raw', '--subdir', 'DAGS_FOLDER/capstone_project.py', '--cfg-path', '/tmp/tmpe8mobe7w']
[2023-10-03T09:40:12.161+0000] {standard_task_runner.py:85} INFO - Job 121: Subtask call_space_devs_api
[2023-10-03T09:40:12.515+0000] {task_command.py:410} INFO - Running <TaskInstance: capstone_project.call_space_devs_api scheduled__2023-09-29T00:00:00+00:00 [running]> on host 9a30478b5169
[2023-10-03T09:40:12.800+0000] {warnings.py:110} WARNING - /home/***/.local/lib/python3.7/site-packages/***/utils/context.py:205: AirflowContextDeprecationWarning: Accessing 'next_ds' from the template is deprecated and will be removed in a future version. Please use '{{ data_interval_end | ds }}' instead.
  warnings.warn(_create_deprecation_warning(key, self._deprecation_replacements[key]))

[2023-10-03T09:40:13.104+0000] {taskinstance.py:1570} INFO - Exporting env vars: AIRFLOW_CTX_DAG_OWNER='***' AIRFLOW_CTX_DAG_ID='capstone_project' AIRFLOW_CTX_TASK_ID='call_space_devs_api' AIRFLOW_CTX_EXECUTION_DATE='2023-09-29T00:00:00+00:00' AIRFLOW_CTX_TRY_NUMBER='1' AIRFLOW_CTX_DAG_RUN_ID='scheduled__2023-09-29T00:00:00+00:00'
[2023-10-03T09:40:13.105+0000] {http.py:123} INFO - Calling HTTP method
[2023-10-03T09:40:13.184+0000] {base.py:73} INFO - Using connection ID 'thespacedevs_dev' for task execution.
[2023-10-03T09:40:14.270+0000] {http.py:127} INFO - {"count":0,"next":null,"previous":null,"results":[]}
[2023-10-03T09:40:14.460+0000] {taskinstance.py:1373} INFO - Marking task as SUCCESS. dag_id=capstone_project, task_id=call_space_devs_api, execution_date=20230929T000000, start_date=20231003T094011, end_date=20231003T094014
[2023-10-03T09:40:14.685+0000] {local_task_job_runner.py:232} INFO - Task exited with return code 0
[2023-10-03T09:40:14.942+0000] {taskinstance.py:2674} INFO - 1 downstream tasks scheduled from follow-on schedule check
[2023-10-03T12:57:27.606+0000] {taskinstance.py:1125} INFO - Dependencies all met for dep_context=non-requeueable deps ti=<TaskInstance: capstone_project.call_space_devs_api scheduled__2023-09-29T00:00:00+00:00 [queued]>
[2023-10-03T12:57:27.782+0000] {taskinstance.py:1125} INFO - Dependencies all met for dep_context=requeueable deps ti=<TaskInstance: capstone_project.call_space_devs_api scheduled__2023-09-29T00:00:00+00:00 [queued]>
[2023-10-03T12:57:27.790+0000] {taskinstance.py:1331} INFO - Starting attempt 1 of 1
[2023-10-03T12:57:28.010+0000] {taskinstance.py:1350} INFO - Executing <Task(SimpleHttpOperator): call_space_devs_api> on 2023-09-29 00:00:00+00:00
[2023-10-03T12:57:28.065+0000] {standard_task_runner.py:57} INFO - Started process 164 to run task
[2023-10-03T12:57:28.071+0000] {standard_task_runner.py:84} INFO - Running: ['***', 'tasks', 'run', 'capstone_project', 'call_space_devs_api', 'scheduled__2023-09-29T00:00:00+00:00', '--job-id', '306', '--raw', '--subdir', 'DAGS_FOLDER/capstone_project.py', '--cfg-path', '/tmp/tmpob2q6odf']
[2023-10-03T12:57:28.073+0000] {standard_task_runner.py:85} INFO - Job 306: Subtask call_space_devs_api
[2023-10-03T12:57:28.794+0000] {task_command.py:410} INFO - Running <TaskInstance: capstone_project.call_space_devs_api scheduled__2023-09-29T00:00:00+00:00 [running]> on host 9a30478b5169
[2023-10-03T12:57:29.226+0000] {warnings.py:110} WARNING - /home/***/.local/lib/python3.7/site-packages/***/utils/context.py:205: AirflowContextDeprecationWarning: Accessing 'next_ds' from the template is deprecated and will be removed in a future version. Please use '{{ data_interval_end | ds }}' instead.
  warnings.warn(_create_deprecation_warning(key, self._deprecation_replacements[key]))

[2023-10-03T12:57:29.820+0000] {taskinstance.py:1570} INFO - Exporting env vars: AIRFLOW_CTX_DAG_OWNER='***' AIRFLOW_CTX_DAG_ID='capstone_project' AIRFLOW_CTX_TASK_ID='call_space_devs_api' AIRFLOW_CTX_EXECUTION_DATE='2023-09-29T00:00:00+00:00' AIRFLOW_CTX_TRY_NUMBER='1' AIRFLOW_CTX_DAG_RUN_ID='scheduled__2023-09-29T00:00:00+00:00'
[2023-10-03T12:57:29.832+0000] {http.py:123} INFO - Calling HTTP method
[2023-10-03T12:57:29.918+0000] {base.py:73} INFO - Using connection ID 'thespacedevs_dev' for task execution.
[2023-10-03T12:57:30.587+0000] {http.py:127} INFO - {"count":0,"next":null,"previous":null,"results":[]}
[2023-10-03T12:57:31.027+0000] {taskinstance.py:1373} INFO - Marking task as SUCCESS. dag_id=capstone_project, task_id=call_space_devs_api, execution_date=20230929T000000, start_date=20231003T125727, end_date=20231003T125731
[2023-10-03T12:57:31.474+0000] {local_task_job_runner.py:232} INFO - Task exited with return code 0
[2023-10-03T12:57:31.577+0000] {taskinstance.py:2674} INFO - 1 downstream tasks scheduled from follow-on schedule check
