[2023-10-03T08:09:31.470+0000] {taskinstance.py:1125} INFO - Dependencies all met for dep_context=non-requeueable deps ti=<TaskInstance: capstone_project.call_http_status_space_devs_api scheduled__2023-10-02T00:00:00+00:00 [queued]>
[2023-10-03T08:09:31.705+0000] {taskinstance.py:1125} INFO - Dependencies all met for dep_context=requeueable deps ti=<TaskInstance: capstone_project.call_http_status_space_devs_api scheduled__2023-10-02T00:00:00+00:00 [queued]>
[2023-10-03T08:09:31.720+0000] {taskinstance.py:1331} INFO - Starting attempt 2 of 2
[2023-10-03T08:09:32.024+0000] {taskinstance.py:1350} INFO - Executing <Task(HttpSensor): call_http_status_space_devs_api> on 2023-10-02 00:00:00+00:00
[2023-10-03T08:09:32.083+0000] {standard_task_runner.py:57} INFO - Started process 995 to run task
[2023-10-03T08:09:32.150+0000] {standard_task_runner.py:84} INFO - Running: ['***', 'tasks', 'run', 'capstone_project', 'call_http_status_space_devs_api', 'scheduled__2023-10-02T00:00:00+00:00', '--job-id', '36', '--raw', '--subdir', 'DAGS_FOLDER/capstone_project.py', '--cfg-path', '/tmp/tmpfp8sr5hf']
[2023-10-03T08:09:32.157+0000] {standard_task_runner.py:85} INFO - Job 36: Subtask call_http_status_space_devs_api
[2023-10-03T08:09:32.715+0000] {task_command.py:410} INFO - Running <TaskInstance: capstone_project.call_http_status_space_devs_api scheduled__2023-10-02T00:00:00+00:00 [running]> on host 9a30478b5169
[2023-10-03T08:09:33.636+0000] {taskinstance.py:1570} INFO - Exporting env vars: AIRFLOW_CTX_DAG_OWNER='***' AIRFLOW_CTX_DAG_ID='capstone_project' AIRFLOW_CTX_TASK_ID='call_http_status_space_devs_api' AIRFLOW_CTX_EXECUTION_DATE='2023-10-02T00:00:00+00:00' AIRFLOW_CTX_TRY_NUMBER='2' AIRFLOW_CTX_DAG_RUN_ID='scheduled__2023-10-02T00:00:00+00:00'
[2023-10-03T08:09:33.654+0000] {http.py:122} INFO - Poking: 
[2023-10-03T08:09:33.794+0000] {base.py:73} INFO - Using connection ID 'thespacedevs_dev' for task execution.
[2023-10-03T08:09:34.793+0000] {base.py:255} INFO - Success criteria met. Exiting.
[2023-10-03T08:09:34.808+0000] {taskinstance.py:1373} INFO - Marking task as SUCCESS. dag_id=capstone_project, task_id=call_http_status_space_devs_api, execution_date=20231002T000000, start_date=20231003T080931, end_date=20231003T080934
[2023-10-03T08:09:34.866+0000] {local_task_job_runner.py:232} INFO - Task exited with return code 0
[2023-10-03T08:09:34.898+0000] {taskinstance.py:2674} INFO - 0 downstream tasks scheduled from follow-on schedule check
[2023-10-03T12:30:52.219+0000] {taskinstance.py:1125} INFO - Dependencies all met for dep_context=non-requeueable deps ti=<TaskInstance: capstone_project.call_http_status_space_devs_api scheduled__2023-10-02T00:00:00+00:00 [queued]>
[2023-10-03T12:30:52.346+0000] {taskinstance.py:1125} INFO - Dependencies all met for dep_context=requeueable deps ti=<TaskInstance: capstone_project.call_http_status_space_devs_api scheduled__2023-10-02T00:00:00+00:00 [queued]>
[2023-10-03T12:30:52.346+0000] {taskinstance.py:1331} INFO - Starting attempt 2 of 2
[2023-10-03T12:30:52.494+0000] {taskinstance.py:1350} INFO - Executing <Task(HttpSensor): call_http_status_space_devs_api> on 2023-10-02 00:00:00+00:00
[2023-10-03T12:30:52.563+0000] {standard_task_runner.py:57} INFO - Started process 107 to run task
[2023-10-03T12:30:52.549+0000] {standard_task_runner.py:84} INFO - Running: ['***', 'tasks', 'run', 'capstone_project', 'call_http_status_space_devs_api', 'scheduled__2023-10-02T00:00:00+00:00', '--job-id', '212', '--raw', '--subdir', 'DAGS_FOLDER/capstone_project.py', '--cfg-path', '/tmp/tmpe8sjdizb']
[2023-10-03T12:30:52.610+0000] {standard_task_runner.py:85} INFO - Job 212: Subtask call_http_status_space_devs_api
[2023-10-03T12:30:53.079+0000] {task_command.py:410} INFO - Running <TaskInstance: capstone_project.call_http_status_space_devs_api scheduled__2023-10-02T00:00:00+00:00 [running]> on host 9a30478b5169
[2023-10-03T12:30:53.605+0000] {taskinstance.py:1570} INFO - Exporting env vars: AIRFLOW_CTX_DAG_OWNER='***' AIRFLOW_CTX_DAG_ID='capstone_project' AIRFLOW_CTX_TASK_ID='call_http_status_space_devs_api' AIRFLOW_CTX_EXECUTION_DATE='2023-10-02T00:00:00+00:00' AIRFLOW_CTX_TRY_NUMBER='2' AIRFLOW_CTX_DAG_RUN_ID='scheduled__2023-10-02T00:00:00+00:00'
[2023-10-03T12:30:53.609+0000] {http.py:122} INFO - Poking: 
[2023-10-03T12:30:53.621+0000] {base.py:73} INFO - Using connection ID 'thespacedevs_dev' for task execution.
[2023-10-03T12:30:54.361+0000] {base.py:255} INFO - Success criteria met. Exiting.
[2023-10-03T12:30:55.353+0000] {taskinstance.py:1373} INFO - Marking task as SUCCESS. dag_id=capstone_project, task_id=call_http_status_space_devs_api, execution_date=20231002T000000, start_date=20231003T123052, end_date=20231003T123055
[2023-10-03T12:30:55.575+0000] {local_task_job_runner.py:232} INFO - Task exited with return code 0
[2023-10-03T12:30:55.839+0000] {taskinstance.py:2674} INFO - 0 downstream tasks scheduled from follow-on schedule check
[2023-10-03T12:55:52.689+0000] {taskinstance.py:1125} INFO - Dependencies all met for dep_context=non-requeueable deps ti=<TaskInstance: capstone_project.call_http_status_space_devs_api scheduled__2023-10-02T00:00:00+00:00 [queued]>
[2023-10-03T12:55:52.716+0000] {taskinstance.py:1125} INFO - Dependencies all met for dep_context=requeueable deps ti=<TaskInstance: capstone_project.call_http_status_space_devs_api scheduled__2023-10-02T00:00:00+00:00 [queued]>
[2023-10-03T12:55:52.716+0000] {taskinstance.py:1331} INFO - Starting attempt 2 of 2
[2023-10-03T12:55:52.757+0000] {taskinstance.py:1350} INFO - Executing <Task(HttpSensor): call_http_status_space_devs_api> on 2023-10-02 00:00:00+00:00
[2023-10-03T12:55:52.765+0000] {standard_task_runner.py:57} INFO - Started process 58 to run task
[2023-10-03T12:55:52.774+0000] {standard_task_runner.py:84} INFO - Running: ['***', 'tasks', 'run', 'capstone_project', 'call_http_status_space_devs_api', 'scheduled__2023-10-02T00:00:00+00:00', '--job-id', '281', '--raw', '--subdir', 'DAGS_FOLDER/capstone_project.py', '--cfg-path', '/tmp/tmpmple91ap']
[2023-10-03T12:55:52.776+0000] {standard_task_runner.py:85} INFO - Job 281: Subtask call_http_status_space_devs_api
[2023-10-03T12:55:52.854+0000] {task_command.py:410} INFO - Running <TaskInstance: capstone_project.call_http_status_space_devs_api scheduled__2023-10-02T00:00:00+00:00 [running]> on host 9a30478b5169
[2023-10-03T12:55:53.010+0000] {taskinstance.py:1570} INFO - Exporting env vars: AIRFLOW_CTX_DAG_OWNER='***' AIRFLOW_CTX_DAG_ID='capstone_project' AIRFLOW_CTX_TASK_ID='call_http_status_space_devs_api' AIRFLOW_CTX_EXECUTION_DATE='2023-10-02T00:00:00+00:00' AIRFLOW_CTX_TRY_NUMBER='2' AIRFLOW_CTX_DAG_RUN_ID='scheduled__2023-10-02T00:00:00+00:00'
[2023-10-03T12:55:53.012+0000] {http.py:122} INFO - Poking: 
[2023-10-03T12:55:53.018+0000] {base.py:73} INFO - Using connection ID 'thespacedevs_dev' for task execution.
[2023-10-03T12:55:53.520+0000] {base.py:255} INFO - Success criteria met. Exiting.
[2023-10-03T12:55:53.535+0000] {taskinstance.py:1373} INFO - Marking task as SUCCESS. dag_id=capstone_project, task_id=call_http_status_space_devs_api, execution_date=20231002T000000, start_date=20231003T125552, end_date=20231003T125553
[2023-10-03T12:55:53.593+0000] {local_task_job_runner.py:232} INFO - Task exited with return code 0
[2023-10-03T12:55:53.627+0000] {taskinstance.py:2674} INFO - 0 downstream tasks scheduled from follow-on schedule check
